{"/home/runner/work/miniapp-smart-ui/miniapp-smart-ui/packages/action-sheet/index.ts": {"path":"/home/runner/work/miniapp-smart-ui/miniapp-smart-ui/packages/action-sheet/index.ts","statementMap":{"0":{"start":{"line":1,"column":0},"end":{"line":1,"column":67}},"1":{"start":{"line":2,"column":0},"end":{"line":2,"column":53}},"2":{"start":{"line":3,"column":0},"end":{"line":3,"column":30}},"3":{"start":{"line":4,"column":0},"end":{"line":4,"column":54}},"4":{"start":{"line":5,"column":0},"end":{"line":5,"column":42}},"5":{"start":{"line":7,"column":35},"end":{"line":7,"column":56}},"6":{"start":{"line":9,"column":0},"end":{"line":132,"column":3}},"7":{"start":{"line":70,"column":24},"end":{"line":70,"column":51}},"8":{"start":{"line":71,"column":69},"end":{"line":71,"column":78}},"9":{"start":{"line":72,"column":19},"end":{"line":72,"column":33}},"10":{"start":{"line":73,"column":6},"end":{"line":88,"column":null}},"11":{"start":{"line":74,"column":8},"end":{"line":74,"column":35}},"12":{"start":{"line":76,"column":8},"end":{"line":78,"column":null}},"13":{"start":{"line":77,"column":10},"end":{"line":77,"column":25}},"14":{"start":{"line":80,"column":8},"end":{"line":87,"column":null}},"15":{"start":{"line":81,"column":10},"end":{"line":86,"column":13}},"16":{"start":{"line":84,"column":14},"end":{"line":84,"column":53}},"17":{"start":{"line":92,"column":6},"end":{"line":92,"column":27}},"18":{"start":{"line":96,"column":6},"end":{"line":96,"column":28}},"19":{"start":{"line":100,"column":6},"end":{"line":100,"column":26}},"20":{"start":{"line":104,"column":6},"end":{"line":104,"column":34}},"21":{"start":{"line":105,"column":6},"end":{"line":105,"column":21}},"22":{"start":{"line":109,"column":6},"end":{"line":109,"column":33}},"23":{"start":{"line":113,"column":6},"end":{"line":113,"column":26}},"24":{"start":{"line":117,"column":6},"end":{"line":117,"column":32}},"25":{"start":{"line":121,"column":6},"end":{"line":121,"column":33}},"26":{"start":{"line":125,"column":6},"end":{"line":125,"column":26}},"27":{"start":{"line":129,"column":6},"end":{"line":129,"column":32}}},"fnMap":{"0":{"name":"(anonymous_1)","decl":{"start":{"line":69,"column":4},"end":{"line":69,"column":12}},"loc":{"start":{"line":69,"column":48},"end":{"line":89,"column":5}}},"1":{"name":"(anonymous_2)","decl":{"start":{"line":83,"column":22},"end":{"line":83,"column":33}},"loc":{"start":{"line":83,"column":36},"end":{"line":85,"column":13}}},"2":{"name":"(anonymous_3)","decl":{"start":{"line":91,"column":4},"end":{"line":91,"column":12}},"loc":{"start":{"line":91,"column":12},"end":{"line":93,"column":5}}},"3":{"name":"(anonymous_4)","decl":{"start":{"line":95,"column":4},"end":{"line":95,"column":13}},"loc":{"start":{"line":95,"column":13},"end":{"line":97,"column":5}}},"4":{"name":"(anonymous_5)","decl":{"start":{"line":99,"column":4},"end":{"line":99,"column":11}},"loc":{"start":{"line":99,"column":11},"end":{"line":101,"column":5}}},"5":{"name":"(anonymous_6)","decl":{"start":{"line":103,"column":4},"end":{"line":103,"column":18}},"loc":{"start":{"line":103,"column":18},"end":{"line":106,"column":5}}},"6":{"name":"(anonymous_7)","decl":{"start":{"line":108,"column":4},"end":{"line":108,"column":17}},"loc":{"start":{"line":108,"column":17},"end":{"line":110,"column":5}}},"7":{"name":"(anonymous_8)","decl":{"start":{"line":112,"column":4},"end":{"line":112,"column":11}},"loc":{"start":{"line":112,"column":11},"end":{"line":114,"column":5}}},"8":{"name":"(anonymous_9)","decl":{"start":{"line":116,"column":4},"end":{"line":116,"column":16}},"loc":{"start":{"line":116,"column":16},"end":{"line":118,"column":5}}},"9":{"name":"(anonymous_10)","decl":{"start":{"line":120,"column":4},"end":{"line":120,"column":17}},"loc":{"start":{"line":120,"column":17},"end":{"line":122,"column":5}}},"10":{"name":"(anonymous_11)","decl":{"start":{"line":124,"column":4},"end":{"line":124,"column":11}},"loc":{"start":{"line":124,"column":11},"end":{"line":126,"column":5}}},"11":{"name":"(anonymous_12)","decl":{"start":{"line":128,"column":4},"end":{"line":128,"column":16}},"loc":{"start":{"line":128,"column":16},"end":{"line":130,"column":5}}}},"branchMap":{"0":{"loc":{"start":{"line":73,"column":6},"end":{"line":88,"column":null}},"type":"if","locations":[{"start":{"line":73,"column":6},"end":{"line":88,"column":null}}]},"1":{"loc":{"start":{"line":76,"column":8},"end":{"line":78,"column":null}},"type":"if","locations":[{"start":{"line":76,"column":8},"end":{"line":78,"column":null}}]},"2":{"loc":{"start":{"line":80,"column":8},"end":{"line":87,"column":null}},"type":"if","locations":[{"start":{"line":80,"column":8},"end":{"line":87,"column":null}}]},"3":{"loc":{"start":{"line":80,"column":12},"end":{"line":80,"column":68}},"type":"binary-expr","locations":[{"start":{"line":80,"column":12},"end":{"line":80,"column":43}},{"start":{"line":80,"column":47},"end":{"line":80,"column":68}}]},"4":{"loc":{"start":{"line":82,"column":18},"end":{"line":82,"column":49}},"type":"binary-expr","locations":[{"start":{"line":82,"column":18},"end":{"line":82,"column":41}},{"start":{"line":82,"column":45},"end":{"line":82,"column":49}}]}},"s":{"0":2,"1":2,"2":2,"3":2,"4":2,"5":2,"6":2,"7":8,"8":8,"9":8,"10":8,"11":7,"12":7,"13":6,"14":7,"15":2,"16":3,"17":1,"18":1,"19":8,"20":1,"21":1,"22":19,"23":18,"24":2,"25":1,"26":1,"27":1},"f":{"0":8,"1":3,"2":1,"3":1,"4":8,"5":1,"6":19,"7":18,"8":2,"9":1,"10":1,"11":1},"b":{"0":[7],"1":[6],"2":[2],"3":[7,3],"4":[2,1]}}
,"/home/runner/work/miniapp-smart-ui/miniapp-smart-ui/packages/battery/index.ts": {"path":"/home/runner/work/miniapp-smart-ui/miniapp-smart-ui/packages/battery/index.ts","statementMap":{"0":{"start":{"line":1,"column":0},"end":{"line":1,"column":53}},"1":{"start":{"line":4,"column":2},"end":{"line":4,"column":482}},"2":{"start":{"line":6,"column":0},"end":{"line":134,"column":3}},"3":{"start":{"line":43,"column":4},"end":{"line":43,"column":16}},"4":{"start":{"line":48,"column":22},"end":{"line":48,"column":39}},"5":{"start":{"line":50,"column":19},"end":{"line":50,"column":34}},"6":{"start":{"line":52,"column":6},"end":{"line":56,"column":null}},"7":{"start":{"line":53,"column":8},"end":{"line":53,"column":21}},"8":{"start":{"line":54,"column":13},"end":{"line":56,"column":null}},"9":{"start":{"line":55,"column":8},"end":{"line":55,"column":19}},"10":{"start":{"line":57,"column":18},"end":{"line":57,"column":48}},"11":{"start":{"line":60,"column":21},"end":{"line":60,"column":50}},"12":{"start":{"line":62,"column":26},"end":{"line":62,"column":45}},"13":{"start":{"line":64,"column":22},"end":{"line":71,"column":14}},"14":{"start":{"line":73,"column":6},"end":{"line":75,"column":9}},"15":{"start":{"line":79,"column":22},"end":{"line":79,"column":24}},"16":{"start":{"line":80,"column":22},"end":{"line":80,"column":39}},"17":{"start":{"line":81,"column":6},"end":{"line":83,"column":null}},"18":{"start":{"line":82,"column":8},"end":{"line":82,"column":38}},"19":{"start":{"line":85,"column":21},"end":{"line":85,"column":43}},"20":{"start":{"line":86,"column":6},"end":{"line":88,"column":null}},"21":{"start":{"line":87,"column":8},"end":{"line":87,"column":22}},"22":{"start":{"line":89,"column":6},"end":{"line":89,"column":34}},"23":{"start":{"line":93,"column":6},"end":{"line":95,"column":null}},"24":{"start":{"line":94,"column":8},"end":{"line":94,"column":31}},"25":{"start":{"line":97,"column":20},"end":{"line":97,"column":90}},"26":{"start":{"line":98,"column":6},"end":{"line":100,"column":null}},"27":{"start":{"line":99,"column":8},"end":{"line":99,"column":21}},"28":{"start":{"line":102,"column":6},"end":{"line":104,"column":null}},"29":{"start":{"line":103,"column":8},"end":{"line":103,"column":35}},"30":{"start":{"line":105,"column":6},"end":{"line":107,"column":null}},"31":{"start":{"line":106,"column":8},"end":{"line":106,"column":37}},"32":{"start":{"line":108,"column":6},"end":{"line":108,"column":32}},"33":{"start":{"line":112,"column":16},"end":{"line":112,"column":25}},"34":{"start":{"line":113,"column":6},"end":{"line":126,"column":30}},"35":{"start":{"line":127,"column":6},"end":{"line":131,"column":9}}},"fnMap":{"0":{"name":"(anonymous_0)","decl":{"start":{"line":42,"column":2},"end":{"line":42,"column":9}},"loc":{"start":{"line":42,"column":9},"end":{"line":44,"column":3}}},"1":{"name":"(anonymous_1)","decl":{"start":{"line":47,"column":4},"end":{"line":47,"column":8}},"loc":{"start":{"line":47,"column":8},"end":{"line":76,"column":5}}},"2":{"name":"(anonymous_2)","decl":{"start":{"line":78,"column":4},"end":{"line":78,"column":14}},"loc":{"start":{"line":78,"column":14},"end":{"line":90,"column":5}}},"3":{"name":"(anonymous_3)","decl":{"start":{"line":92,"column":4},"end":{"line":92,"column":13}},"loc":{"start":{"line":92,"column":17},"end":{"line":109,"column":5}}},"4":{"name":"(anonymous_4)","decl":{"start":{"line":111,"column":4},"end":{"line":111,"column":22}},"loc":{"start":{"line":111,"column":40},"end":{"line":132,"column":5}}}},"branchMap":{"0":{"loc":{"start":{"line":52,"column":6},"end":{"line":56,"column":null}},"type":"if","locations":[{"start":{"line":52,"column":6},"end":{"line":56,"column":null}},{"start":{"line":54,"column":13},"end":{"line":56,"column":null}}]},"1":{"loc":{"start":{"line":54,"column":13},"end":{"line":56,"column":null}},"type":"if","locations":[{"start":{"line":54,"column":13},"end":{"line":56,"column":null}}]},"2":{"loc":{"start":{"line":69,"column":42},"end":{"line":69,"column":78}},"type":"binary-expr","locations":[{"start":{"line":69,"column":42},"end":{"line":69,"column":67}},{"start":{"line":69,"column":71},"end":{"line":69,"column":78}}]},"3":{"loc":{"start":{"line":81,"column":6},"end":{"line":83,"column":null}},"type":"if","locations":[{"start":{"line":81,"column":6},"end":{"line":83,"column":null}}]},"4":{"loc":{"start":{"line":81,"column":10},"end":{"line":81,"column":43}},"type":"binary-expr","locations":[{"start":{"line":81,"column":10},"end":{"line":81,"column":17}},{"start":{"line":81,"column":21},"end":{"line":81,"column":43}}]},"5":{"loc":{"start":{"line":86,"column":6},"end":{"line":88,"column":null}},"type":"if","locations":[{"start":{"line":86,"column":6},"end":{"line":88,"column":null}}]},"6":{"loc":{"start":{"line":86,"column":10},"end":{"line":86,"column":34}},"type":"binary-expr","locations":[{"start":{"line":86,"column":10},"end":{"line":86,"column":11}},{"start":{"line":86,"column":15},"end":{"line":86,"column":34}}]},"7":{"loc":{"start":{"line":93,"column":6},"end":{"line":95,"column":null}},"type":"if","locations":[{"start":{"line":93,"column":6},"end":{"line":95,"column":null}}]},"8":{"loc":{"start":{"line":97,"column":20},"end":{"line":97,"column":90}},"type":"binary-expr","locations":[{"start":{"line":97,"column":20},"end":{"line":97,"column":63}},{"start":{"line":97,"column":67},"end":{"line":97,"column":90}}]},"9":{"loc":{"start":{"line":98,"column":6},"end":{"line":100,"column":null}},"type":"if","locations":[{"start":{"line":98,"column":6},"end":{"line":100,"column":null}}]},"10":{"loc":{"start":{"line":102,"column":6},"end":{"line":104,"column":null}},"type":"if","locations":[{"start":{"line":102,"column":6},"end":{"line":104,"column":null}}]},"11":{"loc":{"start":{"line":102,"column":10},"end":{"line":102,"column":33}},"type":"binary-expr","locations":[{"start":{"line":102,"column":10},"end":{"line":102,"column":21}},{"start":{"line":102,"column":25},"end":{"line":102,"column":33}}]},"12":{"loc":{"start":{"line":105,"column":6},"end":{"line":107,"column":null}},"type":"if","locations":[{"start":{"line":105,"column":6},"end":{"line":107,"column":null}}]},"13":{"loc":{"start":{"line":105,"column":10},"end":{"line":105,"column":35}},"type":"binary-expr","locations":[{"start":{"line":105,"column":10},"end":{"line":105,"column":21}},{"start":{"line":105,"column":25},"end":{"line":105,"column":35}}]},"14":{"loc":{"start":{"line":116,"column":10},"end":{"line":116,"column":90}},"type":"cond-expr","locations":[{"start":{"line":116,"column":40},"end":{"line":116,"column":46}},{"start":{"line":116,"column":49},"end":{"line":116,"column":90}}]},"15":{"loc":{"start":{"line":130,"column":8},"end":{"line":130,"column":null}},"type":"cond-expr","locations":[{"start":{"line":130,"column":42},"end":{"line":130,"column":57}},{"start":{"line":130,"column":60},"end":{"line":130,"column":null}}]}},"s":{"0":2,"1":2,"2":2,"3":33,"4":55,"5":55,"6":55,"7":2,"8":53,"9":2,"10":55,"11":55,"12":55,"13":55,"14":55,"15":55,"16":55,"17":55,"18":19,"19":36,"20":36,"21":1,"22":35,"23":55,"24":2,"25":53,"26":53,"27":1,"28":52,"29":30,"30":22,"31":8,"32":14,"33":57,"34":57,"35":57},"f":{"0":33,"1":55,"2":55,"3":55,"4":57},"b":{"0":[2,53],"1":[2],"2":[55,54],"3":[19],"4":[55,19],"5":[1],"6":[36,36],"7":[2],"8":[53,1],"9":[1],"10":[30],"11":[52,30],"12":[8],"13":[22,8],"14":[1,56],"15":[10,47]}}
,"/home/runner/work/miniapp-smart-ui/miniapp-smart-ui/packages/bottom-sheet/index.ts": {"path":"/home/runner/work/miniapp-smart-ui/miniapp-smart-ui/packages/bottom-sheet/index.ts","statementMap":{"0":{"start":{"line":1,"column":0},"end":{"line":1,"column":59}},"1":{"start":{"line":2,"column":0},"end":{"line":2,"column":53}},"2":{"start":{"line":3,"column":0},"end":{"line":3,"column":30}},"3":{"start":{"line":4,"column":0},"end":{"line":4,"column":54}},"4":{"start":{"line":6,"column":18},"end":{"line":8,"column":2}},"5":{"start":{"line":10,"column":0},"end":{"line":172,"column":3}},"6":{"start":{"line":91,"column":22},"end":{"line":91,"column":45}},"7":{"start":{"line":92,"column":27},"end":{"line":92,"column":98}},"8":{"start":{"line":93,"column":29},"end":{"line":93,"column":48}},"9":{"start":{"line":94,"column":26},"end":{"line":94,"column":48}},"10":{"start":{"line":96,"column":17},"end":{"line":96,"column":72}},"11":{"start":{"line":97,"column":4},"end":{"line":97,"column":39}},"12":{"start":{"line":99,"column":4},"end":{"line":99,"column":23}},"13":{"start":{"line":100,"column":4},"end":{"line":100,"column":18}},"14":{"start":{"line":105,"column":26},"end":{"line":105,"column":49}},"15":{"start":{"line":106,"column":6},"end":{"line":112,"column":null}},"16":{"start":{"line":107,"column":8},"end":{"line":107,"column":48}},"17":{"start":{"line":108,"column":13},"end":{"line":112,"column":null}},"18":{"start":{"line":109,"column":8},"end":{"line":109,"column":48}},"19":{"start":{"line":110,"column":13},"end":{"line":112,"column":null}},"20":{"start":{"line":111,"column":8},"end":{"line":111,"column":48}},"21":{"start":{"line":113,"column":6},"end":{"line":113,"column":27}},"22":{"start":{"line":116,"column":6},"end":{"line":121,"column":null}},"23":{"start":{"line":117,"column":8},"end":{"line":119,"column":11}},"24":{"start":{"line":120,"column":8},"end":{"line":120,"column":15}},"25":{"start":{"line":122,"column":6},"end":{"line":122,"column":42}},"26":{"start":{"line":122,"column":35},"end":{"line":122,"column":42}},"27":{"start":{"line":123,"column":17},"end":{"line":125,"column":19}},"28":{"start":{"line":126,"column":6},"end":{"line":129,"column":null}},"29":{"start":{"line":127,"column":8},"end":{"line":127,"column":22}},"30":{"start":{"line":128,"column":8},"end":{"line":128,"column":15}},"31":{"start":{"line":130,"column":6},"end":{"line":132,"column":9}},"32":{"start":{"line":133,"column":6},"end":{"line":133,"column":31}},"33":{"start":{"line":136,"column":6},"end":{"line":136,"column":26}},"34":{"start":{"line":140,"column":6},"end":{"line":140,"column":34}},"35":{"start":{"line":141,"column":6},"end":{"line":141,"column":21}},"36":{"start":{"line":145,"column":6},"end":{"line":145,"column":33}},"37":{"start":{"line":149,"column":6},"end":{"line":152,"column":null}},"38":{"start":{"line":150,"column":30},"end":{"line":150,"column":52}},"39":{"start":{"line":151,"column":8},"end":{"line":151,"column":56}},"40":{"start":{"line":153,"column":6},"end":{"line":153,"column":26}},"41":{"start":{"line":157,"column":6},"end":{"line":157,"column":32}},"42":{"start":{"line":161,"column":6},"end":{"line":161,"column":33}},"43":{"start":{"line":165,"column":6},"end":{"line":165,"column":26}},"44":{"start":{"line":169,"column":6},"end":{"line":169,"column":32}}},"fnMap":{"0":{"name":"(anonymous_1)","decl":{"start":{"line":90,"column":2},"end":{"line":90,"column":9}},"loc":{"start":{"line":90,"column":9},"end":{"line":101,"column":3}}},"1":{"name":"(anonymous_2)","decl":{"start":{"line":104,"column":4},"end":{"line":104,"column":19}},"loc":{"start":{"line":104,"column":19},"end":{"line":114,"column":5}}},"2":{"name":"(anonymous_3)","decl":{"start":{"line":115,"column":4},"end":{"line":115,"column":10}},"loc":{"start":{"line":115,"column":10},"end":{"line":134,"column":5}}},"3":{"name":"(anonymous_4)","decl":{"start":{"line":135,"column":4},"end":{"line":135,"column":11}},"loc":{"start":{"line":135,"column":11},"end":{"line":137,"column":5}}},"4":{"name":"(anonymous_5)","decl":{"start":{"line":139,"column":4},"end":{"line":139,"column":18}},"loc":{"start":{"line":139,"column":18},"end":{"line":142,"column":5}}},"5":{"name":"(anonymous_6)","decl":{"start":{"line":144,"column":4},"end":{"line":144,"column":17}},"loc":{"start":{"line":144,"column":17},"end":{"line":146,"column":5}}},"6":{"name":"(anonymous_7)","decl":{"start":{"line":148,"column":4},"end":{"line":148,"column":11}},"loc":{"start":{"line":148,"column":11},"end":{"line":154,"column":5}}},"7":{"name":"(anonymous_8)","decl":{"start":{"line":156,"column":4},"end":{"line":156,"column":16}},"loc":{"start":{"line":156,"column":16},"end":{"line":158,"column":5}}},"8":{"name":"(anonymous_9)","decl":{"start":{"line":160,"column":4},"end":{"line":160,"column":17}},"loc":{"start":{"line":160,"column":17},"end":{"line":162,"column":5}}},"9":{"name":"(anonymous_10)","decl":{"start":{"line":164,"column":4},"end":{"line":164,"column":11}},"loc":{"start":{"line":164,"column":11},"end":{"line":166,"column":5}}},"10":{"name":"(anonymous_11)","decl":{"start":{"line":168,"column":4},"end":{"line":168,"column":16}},"loc":{"start":{"line":168,"column":16},"end":{"line":170,"column":5}}}},"branchMap":{"0":{"loc":{"start":{"line":91,"column":22},"end":{"line":91,"column":45}},"type":"binary-expr","locations":[{"start":{"line":91,"column":22},"end":{"line":91,"column":39}},{"start":{"line":91,"column":43},"end":{"line":91,"column":45}}]},"1":{"loc":{"start":{"line":92,"column":27},"end":{"line":92,"column":98}},"type":"binary-expr","locations":[{"start":{"line":92,"column":27},"end":{"line":92,"column":46}},{"start":{"line":92,"column":50},"end":{"line":92,"column":74}},{"start":{"line":92,"column":78},"end":{"line":92,"column":98}}]},"2":{"loc":{"start":{"line":106,"column":6},"end":{"line":112,"column":null}},"type":"if","locations":[{"start":{"line":106,"column":6},"end":{"line":112,"column":null}},{"start":{"line":108,"column":13},"end":{"line":112,"column":null}}]},"3":{"loc":{"start":{"line":108,"column":13},"end":{"line":112,"column":null}},"type":"if","locations":[{"start":{"line":108,"column":13},"end":{"line":112,"column":null}},{"start":{"line":110,"column":13},"end":{"line":112,"column":null}}]},"4":{"loc":{"start":{"line":110,"column":13},"end":{"line":112,"column":null}},"type":"if","locations":[{"start":{"line":110,"column":13},"end":{"line":112,"column":null}}]},"5":{"loc":{"start":{"line":116,"column":6},"end":{"line":121,"column":null}},"type":"if","locations":[{"start":{"line":116,"column":6},"end":{"line":121,"column":null}}]},"6":{"loc":{"start":{"line":122,"column":6},"end":{"line":122,"column":42}},"type":"if","locations":[{"start":{"line":122,"column":6},"end":{"line":122,"column":42}}]},"7":{"loc":{"start":{"line":126,"column":6},"end":{"line":129,"column":null}},"type":"if","locations":[{"start":{"line":126,"column":6},"end":{"line":129,"column":null}}]},"8":{"loc":{"start":{"line":149,"column":6},"end":{"line":152,"column":null}},"type":"if","locations":[{"start":{"line":149,"column":6},"end":{"line":152,"column":null}}]}},"s":{"0":3,"1":3,"2":3,"3":3,"4":3,"5":3,"6":49,"7":49,"8":49,"9":49,"10":49,"11":49,"12":49,"13":49,"14":58,"15":58,"16":54,"17":4,"18":2,"19":2,"20":2,"21":58,"22":52,"23":15,"24":15,"25":37,"26":1,"27":36,"28":36,"29":2,"30":2,"31":34,"32":34,"33":2,"34":1,"35":1,"36":37,"37":37,"38":6,"39":6,"40":37,"41":17,"42":1,"43":1,"44":1},"f":{"0":49,"1":58,"2":52,"3":2,"4":1,"5":37,"6":37,"7":17,"8":1,"9":1,"10":1},"b":{"0":[49,0],"1":[49,48,0],"2":[54,4],"3":[2,2],"4":[2],"5":[15],"6":[1],"7":[2],"8":[6]}}
,"/home/runner/work/miniapp-smart-ui/miniapp-smart-ui/packages/button/index.ts": {"path":"/home/runner/work/miniapp-smart-ui/miniapp-smart-ui/packages/button/index.ts","statementMap":{"0":{"start":{"line":1,"column":0},"end":{"line":1,"column":53}},"1":{"start":{"line":2,"column":0},"end":{"line":2,"column":42}},"2":{"start":{"line":4,"column":0},"end":{"line":68,"column":3}},"3":{"start":{"line":53,"column":6},"end":{"line":53,"column":33}},"4":{"start":{"line":55,"column":76},"end":{"line":55,"column":85}},"5":{"start":{"line":57,"column":6},"end":{"line":65,"column":null}},"6":{"start":{"line":58,"column":8},"end":{"line":64,"column":11}},"7":{"start":{"line":62,"column":12},"end":{"line":62,"column":51}}},"fnMap":{"0":{"name":"(anonymous_0)","decl":{"start":{"line":52,"column":4},"end":{"line":52,"column":11}},"loc":{"start":{"line":52,"column":47},"end":{"line":66,"column":5}}},"1":{"name":"(anonymous_1)","decl":{"start":{"line":61,"column":20},"end":{"line":61,"column":31}},"loc":{"start":{"line":61,"column":34},"end":{"line":63,"column":11}}}},"branchMap":{"0":{"loc":{"start":{"line":57,"column":6},"end":{"line":65,"column":null}},"type":"if","locations":[{"start":{"line":57,"column":6},"end":{"line":65,"column":null}}]},"1":{"loc":{"start":{"line":57,"column":10},"end":{"line":57,"column":90}},"type":"binary-expr","locations":[{"start":{"line":57,"column":10},"end":{"line":57,"column":36}},{"start":{"line":57,"column":40},"end":{"line":57,"column":61}},{"start":{"line":57,"column":65},"end":{"line":57,"column":90}}]},"2":{"loc":{"start":{"line":59,"column":16},"end":{"line":59,"column":42}},"type":"binary-expr","locations":[{"start":{"line":59,"column":16},"end":{"line":59,"column":34}},{"start":{"line":59,"column":38},"end":{"line":59,"column":42}}]},"3":{"loc":{"start":{"line":60,"column":16},"end":{"line":60,"column":28}},"type":"binary-expr","locations":[{"start":{"line":60,"column":16},"end":{"line":60,"column":20}},{"start":{"line":60,"column":24},"end":{"line":60,"column":28}}]}},"s":{"0":26,"1":26,"2":26,"3":6,"4":6,"5":6,"6":2,"7":2},"f":{"0":6,"1":2},"b":{"0":[2],"1":[6,3,2],"2":[2,1],"3":[2,1]}}
,"/home/runner/work/miniapp-smart-ui/miniapp-smart-ui/packages/calendar/index.ts": {"path":"/home/runner/work/miniapp-smart-ui/miniapp-smart-ui/packages/calendar/index.ts","statementMap":{"0":{"start":{"line":1,"column":0},"end":{"line":1,"column":53}},"1":{"start":{"line":2,"column":0},"end":{"line":2,"column":null}},"2":{"start":{"line":17,"column":17},"end":{"line":17,"column":40}},"3":{"start":{"line":19,"column":16},"end":{"line":19,"column":87}},"4":{"start":{"line":19,"column":42},"end":{"line":19,"column":86}},"5":{"start":{"line":21,"column":0},"end":{"line":519,"column":3}},"6":{"start":{"line":31,"column":8},"end":{"line":38,"column":null}},"7":{"start":{"line":32,"column":10},"end":{"line":32,"column":26}},"8":{"start":{"line":33,"column":10},"end":{"line":33,"column":32}},"9":{"start":{"line":35,"column":10},"end":{"line":37,"column":13}},"10":{"start":{"line":86,"column":8},"end":{"line":86,"column":43}},"11":{"start":{"line":87,"column":8},"end":{"line":87,"column":30}},"12":{"start":{"line":177,"column":6},"end":{"line":177,"column":22}},"13":{"start":{"line":180,"column":6},"end":{"line":180,"column":22}},"14":{"start":{"line":185,"column":4},"end":{"line":185,"column":20}},"15":{"start":{"line":189,"column":4},"end":{"line":189,"column":26}},"16":{"start":{"line":190,"column":4},"end":{"line":193,"column":null}},"17":{"start":{"line":191,"column":6},"end":{"line":191,"column":22}},"18":{"start":{"line":192,"column":6},"end":{"line":192,"column":28}},"19":{"start":{"line":198,"column":27},"end":{"line":198,"column":53}},"20":{"start":{"line":200,"column":6},"end":{"line":205,"column":null}},"21":{"start":{"line":201,"column":8},"end":{"line":203,"column":11}},"22":{"start":{"line":204,"column":8},"end":{"line":204,"column":15}},"23":{"start":{"line":206,"column":6},"end":{"line":211,"column":null}},"24":{"start":{"line":207,"column":8},"end":{"line":209,"column":11}},"25":{"start":{"line":210,"column":8},"end":{"line":210,"column":15}},"26":{"start":{"line":213,"column":6},"end":{"line":217,"column":null}},"27":{"start":{"line":214,"column":8},"end":{"line":216,"column":11}},"28":{"start":{"line":220,"column":27},"end":{"line":220,"column":53}},"29":{"start":{"line":222,"column":6},"end":{"line":227,"column":null}},"30":{"start":{"line":223,"column":8},"end":{"line":225,"column":11}},"31":{"start":{"line":226,"column":8},"end":{"line":226,"column":15}},"32":{"start":{"line":228,"column":6},"end":{"line":233,"column":null}},"33":{"start":{"line":229,"column":8},"end":{"line":231,"column":11}},"34":{"start":{"line":232,"column":8},"end":{"line":232,"column":15}},"35":{"start":{"line":235,"column":6},"end":{"line":239,"column":null}},"36":{"start":{"line":236,"column":8},"end":{"line":238,"column":11}},"37":{"start":{"line":242,"column":26},"end":{"line":242,"column":68}},"38":{"start":{"line":243,"column":6},"end":{"line":243,"column":53}},"39":{"start":{"line":244,"column":6},"end":{"line":244,"column":28}},"40":{"start":{"line":248,"column":26},"end":{"line":248,"column":68}},"41":{"start":{"line":250,"column":21},"end":{"line":250,"column":68}},"42":{"start":{"line":251,"column":27},"end":{"line":253,"column":27}},"43":{"start":{"line":255,"column":21},"end":{"line":255,"column":46}},"44":{"start":{"line":256,"column":22},"end":{"line":256,"column":48}},"45":{"start":{"line":258,"column":19},"end":{"line":264,"column":8}},"46":{"start":{"line":266,"column":6},"end":{"line":269,"column":null}},"47":{"start":{"line":268,"column":8},"end":{"line":268,"column":33}},"48":{"start":{"line":271,"column":6},"end":{"line":271,"column":25}},"49":{"start":{"line":275,"column":6},"end":{"line":275,"column":34}},"50":{"start":{"line":275,"column":27},"end":{"line":275,"column":34}},"51":{"start":{"line":276,"column":6},"end":{"line":276,"column":22}},"52":{"start":{"line":280,"column":27},"end":{"line":280,"column":58}},"53":{"start":{"line":282,"column":6},"end":{"line":282,"column":64}},"54":{"start":{"line":283,"column":6},"end":{"line":283,"column":64}},"55":{"start":{"line":284,"column":6},"end":{"line":286,"column":null}},"56":{"start":{"line":285,"column":8},"end":{"line":285,"column":23}},"57":{"start":{"line":287,"column":6},"end":{"line":289,"column":null}},"58":{"start":{"line":288,"column":8},"end":{"line":288,"column":23}},"59":{"start":{"line":290,"column":6},"end":{"line":290,"column":18}},"60":{"start":{"line":294,"column":55},"end":{"line":294,"column":64}},"61":{"start":{"line":296,"column":6},"end":{"line":296,"column":34}},"62":{"start":{"line":296,"column":24},"end":{"line":296,"column":34}},"63":{"start":{"line":298,"column":18},"end":{"line":298,"column":38}},"64":{"start":{"line":300,"column":6},"end":{"line":321,"column":null}},"65":{"start":{"line":301,"column":8},"end":{"line":303,"column":null}},"66":{"start":{"line":302,"column":10},"end":{"line":302,"column":27}},"67":{"start":{"line":305,"column":35},"end":{"line":305,"column":52}},"68":{"start":{"line":307,"column":26},"end":{"line":307,"column":50}},"69":{"start":{"line":308,"column":22},"end":{"line":311,"column":null}},"70":{"start":{"line":314,"column":21},"end":{"line":314,"column":43}},"71":{"start":{"line":315,"column":20},"end":{"line":317,"column":null}},"72":{"start":{"line":320,"column":8},"end":{"line":320,"column":28}},"73":{"start":{"line":323,"column":6},"end":{"line":329,"column":null}},"74":{"start":{"line":324,"column":8},"end":{"line":326,"column":null}},"75":{"start":{"line":325,"column":10},"end":{"line":325,"column":68}},"76":{"start":{"line":325,"column":41},"end":{"line":325,"column":66}},"77":{"start":{"line":328,"column":8},"end":{"line":328,"column":42}},"78":{"start":{"line":331,"column":6},"end":{"line":333,"column":null}},"79":{"start":{"line":332,"column":8},"end":{"line":332,"column":26}},"80":{"start":{"line":334,"column":6},"end":{"line":334,"column":46}},"81":{"start":{"line":342,"column":6},"end":{"line":342,"column":25}},"82":{"start":{"line":346,"column":6},"end":{"line":346,"column":27}},"83":{"start":{"line":350,"column":6},"end":{"line":350,"column":26}},"84":{"start":{"line":354,"column":6},"end":{"line":354,"column":27}},"85":{"start":{"line":358,"column":6},"end":{"line":360,"column":null}},"86":{"start":{"line":359,"column":8},"end":{"line":359,"column":15}},"87":{"start":{"line":362,"column":21},"end":{"line":362,"column":33}},"88":{"start":{"line":363,"column":50},"end":{"line":363,"column":59}},"89":{"start":{"line":365,"column":6},"end":{"line":425,"column":null}},"90":{"start":{"line":366,"column":39},"end":{"line":366,"column":63}},"91":{"start":{"line":367,"column":8},"end":{"line":373,"column":10}},"92":{"start":{"line":374,"column":13},"end":{"line":425,"column":null}},"93":{"start":{"line":376,"column":35},"end":{"line":376,"column":46}},"94":{"start":{"line":378,"column":8},"end":{"line":401,"column":null}},"95":{"start":{"line":379,"column":33},"end":{"line":379,"column":59}},"96":{"start":{"line":381,"column":10},"end":{"line":398,"column":null}},"97":{"start":{"line":382,"column":29},"end":{"line":382,"column":64}},"98":{"start":{"line":383,"column":12},"end":{"line":392,"column":15}},"99":{"start":{"line":385,"column":16},"end":{"line":387,"column":49}},"100":{"start":{"line":388,"column":14},"end":{"line":390,"column":null}},"101":{"start":{"line":389,"column":16},"end":{"line":389,"column":45}},"102":{"start":{"line":391,"column":14},"end":{"line":391,"column":32}},"103":{"start":{"line":393,"column":12},"end":{"line":393,"column":48}},"104":{"start":{"line":394,"column":17},"end":{"line":398,"column":null}},"105":{"start":{"line":395,"column":12},"end":{"line":395,"column":38}},"106":{"start":{"line":396,"column":17},"end":{"line":398,"column":null}},"107":{"start":{"line":397,"column":12},"end":{"line":397,"column":44}},"108":{"start":{"line":400,"column":10},"end":{"line":400,"column":36}},"109":{"start":{"line":402,"column":13},"end":{"line":425,"column":null}},"110":{"start":{"line":406,"column":25},"end":{"line":412,"column":10}},"111":{"start":{"line":407,"column":24},"end":{"line":407,"column":56}},"112":{"start":{"line":408,"column":10},"end":{"line":410,"column":null}},"113":{"start":{"line":409,"column":12},"end":{"line":409,"column":34}},"114":{"start":{"line":411,"column":10},"end":{"line":411,"column":23}},"115":{"start":{"line":414,"column":8},"end":{"line":422,"column":null}},"116":{"start":{"line":416,"column":29},"end":{"line":416,"column":65}},"117":{"start":{"line":417,"column":10},"end":{"line":417,"column":40}},"118":{"start":{"line":418,"column":10},"end":{"line":418,"column":36}},"119":{"start":{"line":421,"column":10},"end":{"line":421,"column":46}},"120":{"start":{"line":424,"column":8},"end":{"line":424,"column":32}},"121":{"start":{"line":429,"column":6},"end":{"line":431,"column":null}},"122":{"start":{"line":430,"column":8},"end":{"line":430,"column":15}},"123":{"start":{"line":432,"column":19},"end":{"line":432,"column":31}},"124":{"start":{"line":433,"column":6},"end":{"line":433,"column":30}},"125":{"start":{"line":434,"column":6},"end":{"line":436,"column":9}},"126":{"start":{"line":440,"column":6},"end":{"line":444,"column":null}},"127":{"start":{"line":441,"column":8},"end":{"line":443,"column":11}},"128":{"start":{"line":448,"column":19},"end":{"line":448,"column":31}},"129":{"start":{"line":449,"column":6},"end":{"line":451,"column":null}},"130":{"start":{"line":450,"column":8},"end":{"line":450,"column":48}},"131":{"start":{"line":455,"column":6},"end":{"line":467,"column":null}},"132":{"start":{"line":456,"column":22},"end":{"line":456,"column":43}},"133":{"start":{"line":458,"column":8},"end":{"line":466,"column":null}},"134":{"start":{"line":460,"column":10},"end":{"line":464,"column":null}},"135":{"start":{"line":461,"column":12},"end":{"line":461,"column":82}},"136":{"start":{"line":463,"column":12},"end":{"line":463,"column":28}},"137":{"start":{"line":465,"column":10},"end":{"line":465,"column":17}},"138":{"start":{"line":469,"column":6},"end":{"line":469,"column":22}},"139":{"start":{"line":471,"column":6},"end":{"line":473,"column":null}},"140":{"start":{"line":472,"column":8},"end":{"line":472,"column":25}},"141":{"start":{"line":477,"column":6},"end":{"line":479,"column":9}},"142":{"start":{"line":480,"column":6},"end":{"line":480,"column":44}},"143":{"start":{"line":484,"column":44},"end":{"line":484,"column":53}},"144":{"start":{"line":486,"column":6},"end":{"line":500,"column":null}},"145":{"start":{"line":487,"column":8},"end":{"line":496,"column":null}},"146":{"start":{"line":488,"column":10},"end":{"line":490,"column":13}},"147":{"start":{"line":491,"column":10},"end":{"line":495,"column":19}},"148":{"start":{"line":492,"column":12},"end":{"line":494,"column":15}},"149":{"start":{"line":497,"column":8},"end":{"line":497,"column":33}},"150":{"start":{"line":499,"column":8},"end":{"line":499,"column":21}},"151":{"start":{"line":502,"column":6},"end":{"line":502,"column":18}},"152":{"start":{"line":506,"column":6},"end":{"line":508,"column":null}},"153":{"start":{"line":507,"column":8},"end":{"line":507,"column":15}},"154":{"start":{"line":509,"column":6},"end":{"line":512,"column":9}},"155":{"start":{"line":511,"column":8},"end":{"line":511,"column":64}},"156":{"start":{"line":516,"column":6},"end":{"line":516,"column":42}}},"fnMap":{"0":{"name":"(anonymous_0)","decl":{"start":{"line":19,"column":16},"end":{"line":19,"column":17}},"loc":{"start":{"line":19,"column":42},"end":{"line":19,"column":86}}},"1":{"name":"(anonymous_1)","decl":{"start":{"line":30,"column":6},"end":{"line":30,"column":14}},"loc":{"start":{"line":30,"column":18},"end":{"line":39,"column":7}}},"2":{"name":"(anonymous_2)","decl":{"start":{"line":85,"column":6},"end":{"line":85,"column":14}},"loc":{"start":{"line":85,"column":18},"end":{"line":88,"column":7}}},"3":{"name":"(anonymous_3)","decl":{"start":{"line":176,"column":4},"end":{"line":176,"column":11}},"loc":{"start":{"line":176,"column":11},"end":{"line":178,"column":5}}},"4":{"name":"(anonymous_4)","decl":{"start":{"line":179,"column":4},"end":{"line":179,"column":11}},"loc":{"start":{"line":179,"column":11},"end":{"line":181,"column":5}}},"5":{"name":"(anonymous_5)","decl":{"start":{"line":184,"column":2},"end":{"line":184,"column":9}},"loc":{"start":{"line":184,"column":9},"end":{"line":186,"column":3}}},"6":{"name":"(anonymous_6)","decl":{"start":{"line":188,"column":2},"end":{"line":188,"column":9}},"loc":{"start":{"line":188,"column":9},"end":{"line":194,"column":3}}},"7":{"name":"(anonymous_7)","decl":{"start":{"line":197,"column":4},"end":{"line":197,"column":10}},"loc":{"start":{"line":197,"column":10},"end":{"line":218,"column":5}}},"8":{"name":"(anonymous_8)","decl":{"start":{"line":219,"column":4},"end":{"line":219,"column":10}},"loc":{"start":{"line":219,"column":10},"end":{"line":240,"column":5}}},"9":{"name":"(anonymous_9)","decl":{"start":{"line":241,"column":4},"end":{"line":241,"column":9}},"loc":{"start":{"line":241,"column":9},"end":{"line":245,"column":5}}},"10":{"name":"(anonymous_10)","decl":{"start":{"line":247,"column":4},"end":{"line":247,"column":12}},"loc":{"start":{"line":247,"column":12},"end":{"line":272,"column":5}}},"11":{"name":"(anonymous_11)","decl":{"start":{"line":274,"column":4},"end":{"line":274,"column":12}},"loc":{"start":{"line":274,"column":12},"end":{"line":277,"column":5}}},"12":{"name":"(anonymous_12)","decl":{"start":{"line":279,"column":4},"end":{"line":279,"column":18}},"loc":{"start":{"line":279,"column":93},"end":{"line":291,"column":5}}},"13":{"name":"(anonymous_13)","decl":{"start":{"line":293,"column":4},"end":{"line":293,"column":18}},"loc":{"start":{"line":293,"column":63},"end":{"line":335,"column":5}}},"14":{"name":"(anonymous_14)","decl":{"start":{"line":325,"column":33},"end":{"line":325,"column":37}},"loc":{"start":{"line":325,"column":41},"end":{"line":325,"column":66}}},"15":{"name":"(anonymous_15)","decl":{"start":{"line":337,"column":4},"end":{"line":337,"column":18}},"loc":{"start":{"line":337,"column":18},"end":{"line":339,"column":5}}},"16":{"name":"(anonymous_16)","decl":{"start":{"line":341,"column":4},"end":{"line":341,"column":10}},"loc":{"start":{"line":341,"column":10},"end":{"line":343,"column":5}}},"17":{"name":"(anonymous_17)","decl":{"start":{"line":345,"column":4},"end":{"line":345,"column":12}},"loc":{"start":{"line":345,"column":12},"end":{"line":347,"column":5}}},"18":{"name":"(anonymous_18)","decl":{"start":{"line":349,"column":4},"end":{"line":349,"column":11}},"loc":{"start":{"line":349,"column":11},"end":{"line":351,"column":5}}},"19":{"name":"(anonymous_19)","decl":{"start":{"line":353,"column":4},"end":{"line":353,"column":12}},"loc":{"start":{"line":353,"column":12},"end":{"line":355,"column":5}}},"20":{"name":"(anonymous_20)","decl":{"start":{"line":357,"column":4},"end":{"line":357,"column":14}},"loc":{"start":{"line":357,"column":20},"end":{"line":426,"column":5}}},"21":{"name":"(anonymous_21)","decl":{"start":{"line":383,"column":22},"end":{"line":383,"column":23}},"loc":{"start":{"line":383,"column":42},"end":{"line":392,"column":13}}},"22":{"name":"(anonymous_22)","decl":{"start":{"line":406,"column":42},"end":{"line":406,"column":43}},"loc":{"start":{"line":406,"column":78},"end":{"line":412,"column":9}}},"23":{"name":"(anonymous_23)","decl":{"start":{"line":428,"column":4},"end":{"line":428,"column":15}},"loc":{"start":{"line":428,"column":21},"end":{"line":437,"column":5}}},"24":{"name":"(anonymous_24)","decl":{"start":{"line":439,"column":4},"end":{"line":439,"column":26}},"loc":{"start":{"line":439,"column":32},"end":{"line":445,"column":5}}},"25":{"name":"(anonymous_25)","decl":{"start":{"line":447,"column":4},"end":{"line":447,"column":12}},"loc":{"start":{"line":447,"column":22},"end":{"line":452,"column":5}}},"26":{"name":"(anonymous_26)","decl":{"start":{"line":454,"column":4},"end":{"line":454,"column":10}},"loc":{"start":{"line":454,"column":35},"end":{"line":474,"column":5}}},"27":{"name":"(anonymous_27)","decl":{"start":{"line":476,"column":4},"end":{"line":476,"column":8}},"loc":{"start":{"line":476,"column":13},"end":{"line":481,"column":5}}},"28":{"name":"(anonymous_28)","decl":{"start":{"line":483,"column":4},"end":{"line":483,"column":14}},"loc":{"start":{"line":483,"column":19},"end":{"line":503,"column":5}}},"29":{"name":"(anonymous_29)","decl":{"start":{"line":491,"column":21},"end":{"line":491,"column":24}},"loc":{"start":{"line":491,"column":26},"end":{"line":495,"column":11}}},"30":{"name":"(anonymous_30)","decl":{"start":{"line":505,"column":4},"end":{"line":505,"column":13}},"loc":{"start":{"line":505,"column":13},"end":{"line":513,"column":5}}},"31":{"name":"(anonymous_31)","decl":{"start":{"line":509,"column":18},"end":{"line":509,"column":21}},"loc":{"start":{"line":509,"column":23},"end":{"line":512,"column":7}}},"32":{"name":"(anonymous_32)","decl":{"start":{"line":515,"column":4},"end":{"line":515,"column":19}},"loc":{"start":{"line":515,"column":55},"end":{"line":517,"column":5}}}},"branchMap":{"0":{"loc":{"start":{"line":19,"column":42},"end":{"line":19,"column":86}},"type":"cond-expr","locations":[{"start":{"line":19,"column":65},"end":{"line":19,"column":79}},{"start":{"line":19,"column":82},"end":{"line":19,"column":86}}]},"1":{"loc":{"start":{"line":31,"column":8},"end":{"line":38,"column":null}},"type":"if","locations":[{"start":{"line":31,"column":8},"end":{"line":38,"column":null}},{"start":{"line":34,"column":15},"end":{"line":38,"column":null}}]},"2":{"loc":{"start":{"line":190,"column":4},"end":{"line":193,"column":null}},"type":"if","locations":[{"start":{"line":190,"column":4},"end":{"line":193,"column":null}}]},"3":{"loc":{"start":{"line":190,"column":8},"end":{"line":190,"column":45}},"type":"binary-expr","locations":[{"start":{"line":190,"column":8},"end":{"line":190,"column":22}},{"start":{"line":190,"column":26},"end":{"line":190,"column":45}}]},"4":{"loc":{"start":{"line":200,"column":6},"end":{"line":205,"column":null}},"type":"if","locations":[{"start":{"line":200,"column":6},"end":{"line":205,"column":null}}]},"5":{"loc":{"start":{"line":206,"column":6},"end":{"line":211,"column":null}},"type":"if","locations":[{"start":{"line":206,"column":6},"end":{"line":211,"column":null}}]},"6":{"loc":{"start":{"line":213,"column":6},"end":{"line":217,"column":null}},"type":"if","locations":[{"start":{"line":213,"column":6},"end":{"line":217,"column":null}}]},"7":{"loc":{"start":{"line":222,"column":6},"end":{"line":227,"column":null}},"type":"if","locations":[{"start":{"line":222,"column":6},"end":{"line":227,"column":null}}]},"8":{"loc":{"start":{"line":228,"column":6},"end":{"line":233,"column":null}},"type":"if","locations":[{"start":{"line":228,"column":6},"end":{"line":233,"column":null}}]},"9":{"loc":{"start":{"line":235,"column":6},"end":{"line":239,"column":null}},"type":"if","locations":[{"start":{"line":235,"column":6},"end":{"line":239,"column":null}}]},"10":{"loc":{"start":{"line":251,"column":27},"end":{"line":253,"column":27}},"type":"cond-expr","locations":[{"start":{"line":252,"column":10},"end":{"line":252,"column":46}},{"start":{"line":253,"column":10},"end":{"line":253,"column":27}}]},"11":{"loc":{"start":{"line":266,"column":6},"end":{"line":269,"column":null}},"type":"if","locations":[{"start":{"line":266,"column":6},"end":{"line":269,"column":null}}]},"12":{"loc":{"start":{"line":266,"column":10},"end":{"line":266,"column":27}},"type":"binary-expr","locations":[{"start":{"line":266,"column":10},"end":{"line":266,"column":16}},{"start":{"line":266,"column":20},"end":{"line":266,"column":27}}]},"13":{"loc":{"start":{"line":275,"column":6},"end":{"line":275,"column":34}},"type":"if","locations":[{"start":{"line":275,"column":6},"end":{"line":275,"column":34}}]},"14":{"loc":{"start":{"line":279,"column":33},"end":{"line":279,"column":62}},"type":"default-arg","locations":[{"start":{"line":279,"column":58},"end":{"line":279,"column":62}}]},"15":{"loc":{"start":{"line":279,"column":64},"end":{"line":279,"column":93}},"type":"default-arg","locations":[{"start":{"line":279,"column":89},"end":{"line":279,"column":93}}]},"16":{"loc":{"start":{"line":282,"column":16},"end":{"line":282,"column":63}},"type":"binary-expr","locations":[{"start":{"line":282,"column":16},"end":{"line":282,"column":23}},{"start":{"line":282,"column":28},"end":{"line":282,"column":56}},{"start":{"line":282,"column":60},"end":{"line":282,"column":63}}]},"17":{"loc":{"start":{"line":283,"column":16},"end":{"line":283,"column":63}},"type":"binary-expr","locations":[{"start":{"line":283,"column":16},"end":{"line":283,"column":23}},{"start":{"line":283,"column":28},"end":{"line":283,"column":56}},{"start":{"line":283,"column":60},"end":{"line":283,"column":63}}]},"18":{"loc":{"start":{"line":284,"column":6},"end":{"line":286,"column":null}},"type":"if","locations":[{"start":{"line":284,"column":6},"end":{"line":286,"column":null}}]},"19":{"loc":{"start":{"line":287,"column":6},"end":{"line":289,"column":null}},"type":"if","locations":[{"start":{"line":287,"column":6},"end":{"line":289,"column":null}}]},"20":{"loc":{"start":{"line":293,"column":19},"end":{"line":293,"column":63}},"type":"default-arg","locations":[{"start":{"line":293,"column":59},"end":{"line":293,"column":63}}]},"21":{"loc":{"start":{"line":296,"column":6},"end":{"line":296,"column":34}},"type":"if","locations":[{"start":{"line":296,"column":6},"end":{"line":296,"column":34}}]},"22":{"loc":{"start":{"line":300,"column":6},"end":{"line":321,"column":null}},"type":"if","locations":[{"start":{"line":300,"column":6},"end":{"line":321,"column":null}}]},"23":{"loc":{"start":{"line":300,"column":10},"end":{"line":300,"column":45}},"type":"binary-expr","locations":[{"start":{"line":300,"column":10},"end":{"line":300,"column":26}},{"start":{"line":300,"column":30},"end":{"line":300,"column":45}}]},"24":{"loc":{"start":{"line":301,"column":8},"end":{"line":303,"column":null}},"type":"if","locations":[{"start":{"line":301,"column":8},"end":{"line":303,"column":null}}]},"25":{"loc":{"start":{"line":305,"column":35},"end":{"line":305,"column":52}},"type":"binary-expr","locations":[{"start":{"line":305,"column":35},"end":{"line":305,"column":46}},{"start":{"line":305,"column":50},"end":{"line":305,"column":52}}]},"26":{"loc":{"start":{"line":307,"column":34},"end":{"line":307,"column":49}},"type":"binary-expr","locations":[{"start":{"line":307,"column":34},"end":{"line":307,"column":42}},{"start":{"line":307,"column":46},"end":{"line":307,"column":49}}]},"27":{"loc":{"start":{"line":311,"column":10},"end":{"line":311,"column":76}},"type":"cond-expr","locations":[{"start":{"line":311,"column":25},"end":{"line":311,"column":34}},{"start":{"line":311,"column":37},"end":{"line":311,"column":76}}]},"28":{"loc":{"start":{"line":314,"column":29},"end":{"line":314,"column":42}},"type":"binary-expr","locations":[{"start":{"line":314,"column":29},"end":{"line":314,"column":35}},{"start":{"line":314,"column":39},"end":{"line":314,"column":42}}]},"29":{"loc":{"start":{"line":317,"column":10},"end":{"line":317,"column":71}},"type":"cond-expr","locations":[{"start":{"line":317,"column":25},"end":{"line":317,"column":29}},{"start":{"line":317,"column":32},"end":{"line":317,"column":71}}]},"30":{"loc":{"start":{"line":323,"column":6},"end":{"line":329,"column":null}},"type":"if","locations":[{"start":{"line":323,"column":6},"end":{"line":329,"column":null}}]},"31":{"loc":{"start":{"line":324,"column":8},"end":{"line":326,"column":null}},"type":"if","locations":[{"start":{"line":324,"column":8},"end":{"line":326,"column":null}}]},"32":{"loc":{"start":{"line":331,"column":6},"end":{"line":333,"column":null}},"type":"if","locations":[{"start":{"line":331,"column":6},"end":{"line":333,"column":null}}]},"33":{"loc":{"start":{"line":331,"column":10},"end":{"line":331,"column":52}},"type":"binary-expr","locations":[{"start":{"line":331,"column":10},"end":{"line":331,"column":22}},{"start":{"line":331,"column":26},"end":{"line":331,"column":52}}]},"34":{"loc":{"start":{"line":358,"column":6},"end":{"line":360,"column":null}},"type":"if","locations":[{"start":{"line":358,"column":6},"end":{"line":360,"column":null}}]},"35":{"loc":{"start":{"line":365,"column":6},"end":{"line":425,"column":null}},"type":"if","locations":[{"start":{"line":365,"column":6},"end":{"line":425,"column":null}},{"start":{"line":374,"column":13},"end":{"line":425,"column":null}}]},"36":{"loc":{"start":{"line":374,"column":13},"end":{"line":425,"column":null}},"type":"if","locations":[{"start":{"line":374,"column":13},"end":{"line":425,"column":null}},{"start":{"line":402,"column":13},"end":{"line":425,"column":null}}]},"37":{"loc":{"start":{"line":378,"column":8},"end":{"line":401,"column":null}},"type":"if","locations":[{"start":{"line":378,"column":8},"end":{"line":401,"column":null}},{"start":{"line":399,"column":15},"end":{"line":401,"column":null}}]},"38":{"loc":{"start":{"line":378,"column":12},"end":{"line":378,"column":31}},"type":"binary-expr","locations":[{"start":{"line":378,"column":12},"end":{"line":378,"column":20}},{"start":{"line":378,"column":24},"end":{"line":378,"column":31}}]},"39":{"loc":{"start":{"line":381,"column":10},"end":{"line":398,"column":null}},"type":"if","locations":[{"start":{"line":381,"column":10},"end":{"line":398,"column":null}},{"start":{"line":394,"column":17},"end":{"line":398,"column":null}}]},"40":{"loc":{"start":{"line":385,"column":16},"end":{"line":387,"column":49}},"type":"binary-expr","locations":[{"start":{"line":385,"column":16},"end":{"line":385,"column":39}},{"start":{"line":386,"column":16},"end":{"line":386,"column":53}},{"start":{"line":387,"column":16},"end":{"line":387,"column":49}}]},"41":{"loc":{"start":{"line":388,"column":14},"end":{"line":390,"column":null}},"type":"if","locations":[{"start":{"line":388,"column":14},"end":{"line":390,"column":null}}]},"42":{"loc":{"start":{"line":394,"column":17},"end":{"line":398,"column":null}},"type":"if","locations":[{"start":{"line":394,"column":17},"end":{"line":398,"column":null}},{"start":{"line":396,"column":17},"end":{"line":398,"column":null}}]},"43":{"loc":{"start":{"line":396,"column":17},"end":{"line":398,"column":null}},"type":"if","locations":[{"start":{"line":396,"column":17},"end":{"line":398,"column":null}}]},"44":{"loc":{"start":{"line":402,"column":13},"end":{"line":425,"column":null}},"type":"if","locations":[{"start":{"line":402,"column":13},"end":{"line":425,"column":null}},{"start":{"line":423,"column":13},"end":{"line":425,"column":null}}]},"45":{"loc":{"start":{"line":408,"column":10},"end":{"line":410,"column":null}},"type":"if","locations":[{"start":{"line":408,"column":10},"end":{"line":410,"column":null}}]},"46":{"loc":{"start":{"line":414,"column":8},"end":{"line":422,"column":null}},"type":"if","locations":[{"start":{"line":414,"column":8},"end":{"line":422,"column":null}},{"start":{"line":419,"column":15},"end":{"line":422,"column":null}}]},"47":{"loc":{"start":{"line":429,"column":6},"end":{"line":431,"column":null}},"type":"if","locations":[{"start":{"line":429,"column":6},"end":{"line":431,"column":null}}]},"48":{"loc":{"start":{"line":440,"column":6},"end":{"line":444,"column":null}},"type":"if","locations":[{"start":{"line":440,"column":6},"end":{"line":444,"column":null}}]},"49":{"loc":{"start":{"line":449,"column":6},"end":{"line":451,"column":null}},"type":"if","locations":[{"start":{"line":449,"column":6},"end":{"line":451,"column":null}}]},"50":{"loc":{"start":{"line":455,"column":6},"end":{"line":467,"column":null}},"type":"if","locations":[{"start":{"line":455,"column":6},"end":{"line":467,"column":null}}]},"51":{"loc":{"start":{"line":455,"column":10},"end":{"line":455,"column":48}},"type":"binary-expr","locations":[{"start":{"line":455,"column":10},"end":{"line":455,"column":18}},{"start":{"line":455,"column":22},"end":{"line":455,"column":48}}]},"52":{"loc":{"start":{"line":458,"column":8},"end":{"line":466,"column":null}},"type":"if","locations":[{"start":{"line":458,"column":8},"end":{"line":466,"column":null}}]},"53":{"loc":{"start":{"line":460,"column":10},"end":{"line":464,"column":null}},"type":"if","locations":[{"start":{"line":460,"column":10},"end":{"line":464,"column":null}},{"start":{"line":462,"column":17},"end":{"line":464,"column":null}}]},"54":{"loc":{"start":{"line":460,"column":14},"end":{"line":460,"column":62}},"type":"binary-expr","locations":[{"start":{"line":460,"column":14},"end":{"line":460,"column":40}},{"start":{"line":460,"column":44},"end":{"line":460,"column":62}}]},"55":{"loc":{"start":{"line":471,"column":6},"end":{"line":473,"column":null}},"type":"if","locations":[{"start":{"line":471,"column":6},"end":{"line":473,"column":null}}]},"56":{"loc":{"start":{"line":471,"column":10},"end":{"line":471,"column":44}},"type":"binary-expr","locations":[{"start":{"line":471,"column":10},"end":{"line":471,"column":18}},{"start":{"line":471,"column":22},"end":{"line":471,"column":44}}]},"57":{"loc":{"start":{"line":478,"column":21},"end":{"line":478,"column":76}},"type":"cond-expr","locations":[{"start":{"line":478,"column":43},"end":{"line":478,"column":60}},{"start":{"line":478,"column":63},"end":{"line":478,"column":76}}]},"58":{"loc":{"start":{"line":486,"column":6},"end":{"line":500,"column":null}},"type":"if","locations":[{"start":{"line":486,"column":6},"end":{"line":500,"column":null}}]},"59":{"loc":{"start":{"line":486,"column":10},"end":{"line":486,"column":50}},"type":"binary-expr","locations":[{"start":{"line":486,"column":10},"end":{"line":486,"column":18}},{"start":{"line":486,"column":22},"end":{"line":486,"column":50}}]},"60":{"loc":{"start":{"line":487,"column":8},"end":{"line":496,"column":null}},"type":"if","locations":[{"start":{"line":487,"column":8},"end":{"line":496,"column":null}}]},"61":{"loc":{"start":{"line":506,"column":6},"end":{"line":508,"column":null}},"type":"if","locations":[{"start":{"line":506,"column":6},"end":{"line":508,"column":null}}]},"62":{"loc":{"start":{"line":506,"column":10},"end":{"line":506,"column":79}},"type":"binary-expr","locations":[{"start":{"line":506,"column":10},"end":{"line":506,"column":36}},{"start":{"line":506,"column":40},"end":{"line":506,"column":79}}]}},"s":{"0":2,"1":2,"2":2,"3":2,"4":177,"5":2,"6":57,"7":56,"8":56,"9":1,"10":9,"11":9,"12":9,"13":9,"14":64,"15":64,"16":64,"17":62,"18":62,"19":3,"20":3,"21":1,"22":1,"23":2,"24":1,"25":1,"26":1,"27":1,"28":3,"29":3,"30":1,"31":1,"32":2,"33":1,"34":1,"35":1,"36":1,"37":38,"38":38,"39":38,"40":129,"41":129,"42":129,"43":129,"44":129,"45":129,"46":129,"47":20,"48":129,"49":136,"50":72,"51":64,"52":250,"53":250,"54":250,"55":250,"56":1,"57":249,"58":5,"59":244,"60":172,"61":172,"62":2,"63":170,"64":170,"65":69,"66":61,"67":69,"68":69,"69":69,"70":69,"71":69,"72":69,"73":101,"74":16,"75":4,"76":12,"77":12,"78":85,"79":1,"80":85,"81":4,"82":3,"83":1,"84":1,"85":11,"86":1,"87":10,"88":10,"89":10,"90":1,"91":1,"92":9,"93":5,"94":5,"95":4,"96":4,"97":2,"98":2,"99":6,"100":6,"101":2,"102":6,"103":2,"104":2,"105":1,"106":1,"107":1,"108":1,"109":4,"110":3,"111":2,"112":2,"113":1,"114":2,"115":3,"116":1,"117":1,"118":1,"119":2,"120":1,"121":2,"122":1,"123":1,"124":1,"125":1,"126":11,"127":9,"128":3,"129":3,"130":2,"131":16,"132":7,"133":7,"134":3,"135":2,"136":1,"137":3,"138":13,"139":13,"140":8,"141":16,"142":16,"143":16,"144":16,"145":5,"146":5,"147":5,"148":2,"149":5,"150":5,"151":11,"152":12,"153":1,"154":11,"155":11,"156":1},"f":{"0":177,"1":57,"2":9,"3":9,"4":9,"5":64,"6":64,"7":3,"8":3,"9":38,"10":129,"11":136,"12":250,"13":172,"14":12,"15":165,"16":4,"17":3,"18":1,"19":1,"20":11,"21":6,"22":2,"23":2,"24":11,"25":3,"26":16,"27":16,"28":16,"29":2,"30":12,"31":11,"32":1},"b":{"0":[10,167],"1":[56,1],"2":[62],"3":[64,8],"4":[1],"5":[1],"6":[1],"7":[1],"8":[1],"9":[1],"10":[128,1],"11":[20],"12":[129,123],"13":[72],"14":[111],"15":[180],"16":[250,112,3],"17":[250,181,3],"18":[1],"19":[5],"20":[0],"21":[2],"22":[69],"23":[170,114],"24":[61],"25":[69,0],"26":[69,63],"27":[3,66],"28":[69,63],"29":[3,66],"30":[16],"31":[4],"32":[1],"33":[85,85],"34":[1],"35":[1,9],"36":[5,4],"37":[4,1],"38":[5,5],"39":[2,2],"40":[6,2,2],"41":[2],"42":[1,1],"43":[1],"44":[3,1],"45":[1],"46":[1,2],"47":[1],"48":[9],"49":[2],"50":[7],"51":[16,12],"52":[3],"53":[2,1],"54":[3,3],"55":[8],"56":[13,9],"57":[12,4],"58":[5],"59":[16,9],"60":[5],"61":[1],"62":[12,6]}}
,"/home/runner/work/miniapp-smart-ui/miniapp-smart-ui/packages/calendar-header/index.ts": {"path":"/home/runner/work/miniapp-smart-ui/miniapp-smart-ui/packages/calendar-header/index.ts","statementMap":{"0":{"start":{"line":1,"column":0},"end":{"line":1,"column":53}},"1":{"start":{"line":2,"column":0},"end":{"line":2,"column":57}},"2":{"start":{"line":3,"column":0},"end":{"line":3,"column":59}},"3":{"start":{"line":5,"column":0},"end":{"line":70,"column":3}},"4":{"start":{"line":41,"column":4},"end":{"line":41,"column":23}},"5":{"start":{"line":46,"column":31},"end":{"line":46,"column":46}},"6":{"start":{"line":47,"column":29},"end":{"line":47,"column":58}},"7":{"start":{"line":49,"column":6},"end":{"line":54,"column":9}},"8":{"start":{"line":58,"column":6},"end":{"line":58,"column":42}},"9":{"start":{"line":61,"column":6},"end":{"line":61,"column":31}},"10":{"start":{"line":64,"column":6},"end":{"line":64,"column":31}},"11":{"start":{"line":67,"column":6},"end":{"line":67,"column":31}}},"fnMap":{"0":{"name":"(anonymous_1)","decl":{"start":{"line":40,"column":2},"end":{"line":40,"column":9}},"loc":{"start":{"line":40,"column":9},"end":{"line":42,"column":3}}},"1":{"name":"(anonymous_2)","decl":{"start":{"line":45,"column":4},"end":{"line":45,"column":15}},"loc":{"start":{"line":45,"column":15},"end":{"line":55,"column":5}}},"2":{"name":"(anonymous_3)","decl":{"start":{"line":57,"column":4},"end":{"line":57,"column":19}},"loc":{"start":{"line":57,"column":55},"end":{"line":59,"column":5}}},"3":{"name":"(anonymous_4)","decl":{"start":{"line":60,"column":4},"end":{"line":60,"column":10}},"loc":{"start":{"line":60,"column":10},"end":{"line":62,"column":5}}},"4":{"name":"(anonymous_5)","decl":{"start":{"line":63,"column":4},"end":{"line":63,"column":10}},"loc":{"start":{"line":63,"column":10},"end":{"line":65,"column":5}}},"5":{"name":"(anonymous_6)","decl":{"start":{"line":66,"column":4},"end":{"line":66,"column":10}},"loc":{"start":{"line":66,"column":10},"end":{"line":68,"column":5}}}},"branchMap":{"0":{"loc":{"start":{"line":47,"column":29},"end":{"line":47,"column":58}},"type":"binary-expr","locations":[{"start":{"line":47,"column":29},"end":{"line":47,"column":53}},{"start":{"line":47,"column":57},"end":{"line":47,"column":58}}]}},"s":{"0":3,"1":3,"2":3,"3":3,"4":70,"5":71,"6":71,"7":71,"8":1,"9":1,"10":1,"11":1},"f":{"0":70,"1":71,"2":1,"3":1,"4":1,"5":1},"b":{"0":[71,69]}}
,"/home/runner/work/miniapp-smart-ui/miniapp-smart-ui/packages/calendar-month/index.ts": {"path":"/home/runner/work/miniapp-smart-ui/miniapp-smart-ui/packages/calendar-month/index.ts","statementMap":{"0":{"start":{"line":1,"column":0},"end":{"line":1,"column":53}},"1":{"start":{"line":2,"column":0},"end":{"line":2,"column":93}},"2":{"start":{"line":4,"column":0},"end":{"line":4,"column":33}},"3":{"start":{"line":6,"column":0},"end":{"line":223,"column":3}},"4":{"start":{"line":60,"column":24},"end":{"line":60,"column":51}},"5":{"start":{"line":61,"column":24},"end":{"line":61,"column":45}},"6":{"start":{"line":62,"column":6},"end":{"line":65,"column":null}},"7":{"start":{"line":63,"column":8},"end":{"line":63,"column":34}},"8":{"start":{"line":64,"column":8},"end":{"line":64,"column":46}},"9":{"start":{"line":69,"column":26},"end":{"line":69,"column":28}},"10":{"start":{"line":70,"column":24},"end":{"line":70,"column":48}},"11":{"start":{"line":71,"column":19},"end":{"line":71,"column":42}},"12":{"start":{"line":72,"column":20},"end":{"line":72,"column":40}},"13":{"start":{"line":74,"column":23},"end":{"line":74,"column":88}},"14":{"start":{"line":76,"column":6},"end":{"line":108,"column":null}},"15":{"start":{"line":76,"column":21},"end":{"line":76,"column":22}},"16":{"start":{"line":77,"column":21},"end":{"line":77,"column":47}},"17":{"start":{"line":78,"column":21},"end":{"line":78,"column":42}},"18":{"start":{"line":80,"column":32},"end":{"line":80,"column":41}},"19":{"start":{"line":82,"column":26},"end":{"line":87,"column":10}},"20":{"start":{"line":89,"column":8},"end":{"line":101,"column":null}},"21":{"start":{"line":90,"column":21},"end":{"line":90,"column":50}},"22":{"start":{"line":91,"column":22},"end":{"line":94,"column":13}},"23":{"start":{"line":95,"column":10},"end":{"line":97,"column":null}},"24":{"start":{"line":96,"column":12},"end":{"line":96,"column":49}},"25":{"start":{"line":98,"column":10},"end":{"line":100,"column":null}},"26":{"start":{"line":99,"column":12},"end":{"line":99,"column":50}},"27":{"start":{"line":103,"column":8},"end":{"line":105,"column":null}},"28":{"start":{"line":104,"column":10},"end":{"line":104,"column":47}},"29":{"start":{"line":107,"column":8},"end":{"line":107,"column":26}},"30":{"start":{"line":110,"column":6},"end":{"line":110,"column":29}},"31":{"start":{"line":114,"column":30},"end":{"line":114,"column":39}},"32":{"start":{"line":115,"column":6},"end":{"line":117,"column":null}},"33":{"start":{"line":116,"column":8},"end":{"line":116,"column":18}},"34":{"start":{"line":119,"column":25},"end":{"line":119,"column":87}},"35":{"start":{"line":119,"column":33},"end":{"line":119,"column":87}},"36":{"start":{"line":119,"column":58},"end":{"line":119,"column":86}},"37":{"start":{"line":121,"column":6},"end":{"line":136,"column":null}},"38":{"start":{"line":122,"column":24},"end":{"line":122,"column":39}},"39":{"start":{"line":123,"column":24},"end":{"line":123,"column":39}},"40":{"start":{"line":124,"column":29},"end":{"line":124,"column":48}},"41":{"start":{"line":125,"column":29},"end":{"line":125,"column":48}},"42":{"start":{"line":127,"column":8},"end":{"line":129,"column":null}},"43":{"start":{"line":128,"column":10},"end":{"line":128,"column":35}},"44":{"start":{"line":131,"column":8},"end":{"line":133,"column":null}},"45":{"start":{"line":132,"column":10},"end":{"line":132,"column":23}},"46":{"start":{"line":135,"column":8},"end":{"line":135,"column":60}},"47":{"start":{"line":138,"column":6},"end":{"line":138,"column":16}},"48":{"start":{"line":142,"column":44},"end":{"line":142,"column":53}},"49":{"start":{"line":143,"column":6},"end":{"line":145,"column":null}},"50":{"start":{"line":144,"column":8},"end":{"line":144,"column":18}},"51":{"start":{"line":147,"column":33},"end":{"line":147,"column":44}},"52":{"start":{"line":149,"column":6},"end":{"line":151,"column":null}},"53":{"start":{"line":150,"column":8},"end":{"line":150,"column":18}},"54":{"start":{"line":153,"column":29},"end":{"line":153,"column":54}},"55":{"start":{"line":155,"column":6},"end":{"line":157,"column":null}},"56":{"start":{"line":156,"column":8},"end":{"line":156,"column":51}},"57":{"start":{"line":159,"column":27},"end":{"line":159,"column":50}},"58":{"start":{"line":161,"column":6},"end":{"line":163,"column":null}},"59":{"start":{"line":162,"column":8},"end":{"line":162,"column":27}},"60":{"start":{"line":165,"column":6},"end":{"line":167,"column":null}},"61":{"start":{"line":166,"column":8},"end":{"line":166,"column":23}},"62":{"start":{"line":169,"column":6},"end":{"line":171,"column":null}},"63":{"start":{"line":170,"column":8},"end":{"line":170,"column":21}},"64":{"start":{"line":173,"column":6},"end":{"line":175,"column":null}},"65":{"start":{"line":174,"column":8},"end":{"line":174,"column":24}},"66":{"start":{"line":177,"column":6},"end":{"line":177,"column":16}},"67":{"start":{"line":181,"column":54},"end":{"line":181,"column":63}},"68":{"start":{"line":183,"column":6},"end":{"line":185,"column":null}},"69":{"start":{"line":184,"column":8},"end":{"line":184,"column":26}},"70":{"start":{"line":187,"column":6},"end":{"line":189,"column":null}},"71":{"start":{"line":188,"column":8},"end":{"line":188,"column":68}},"72":{"start":{"line":191,"column":6},"end":{"line":193,"column":null}},"73":{"start":{"line":192,"column":8},"end":{"line":192,"column":44}},"74":{"start":{"line":196,"column":6},"end":{"line":198,"column":null}},"75":{"start":{"line":197,"column":8},"end":{"line":197,"column":41}},"76":{"start":{"line":200,"column":6},"end":{"line":202,"column":null}},"77":{"start":{"line":201,"column":8},"end":{"line":201,"column":41}},"78":{"start":{"line":204,"column":6},"end":{"line":204,"column":16}},"79":{"start":{"line":208,"column":6},"end":{"line":220,"column":null}},"80":{"start":{"line":209,"column":8},"end":{"line":211,"column":null}},"81":{"start":{"line":210,"column":10},"end":{"line":210,"column":55}},"82":{"start":{"line":212,"column":8},"end":{"line":214,"column":null}},"83":{"start":{"line":213,"column":10},"end":{"line":213,"column":51}},"84":{"start":{"line":215,"column":8},"end":{"line":219,"column":null}},"85":{"start":{"line":216,"column":10},"end":{"line":218,"column":12}}},"fnMap":{"0":{"name":"(anonymous_1)","decl":{"start":{"line":59,"column":4},"end":{"line":59,"column":11}},"loc":{"start":{"line":59,"column":17},"end":{"line":66,"column":5}}},"1":{"name":"(anonymous_2)","decl":{"start":{"line":68,"column":4},"end":{"line":68,"column":11}},"loc":{"start":{"line":68,"column":11},"end":{"line":111,"column":5}}},"2":{"name":"(anonymous_3)","decl":{"start":{"line":113,"column":4},"end":{"line":113,"column":22}},"loc":{"start":{"line":113,"column":26},"end":{"line":139,"column":5}}},"3":{"name":"(anonymous_4)","decl":{"start":{"line":119,"column":25},"end":{"line":119,"column":29}},"loc":{"start":{"line":119,"column":33},"end":{"line":119,"column":87}}},"4":{"name":"(anonymous_5)","decl":{"start":{"line":119,"column":50},"end":{"line":119,"column":54}},"loc":{"start":{"line":119,"column":58},"end":{"line":119,"column":86}}},"5":{"name":"(anonymous_6)","decl":{"start":{"line":141,"column":4},"end":{"line":141,"column":19}},"loc":{"start":{"line":141,"column":23},"end":{"line":178,"column":5}}},"6":{"name":"(anonymous_7)","decl":{"start":{"line":180,"column":4},"end":{"line":180,"column":14}},"loc":{"start":{"line":180,"column":18},"end":{"line":205,"column":5}}},"7":{"name":"(anonymous_8)","decl":{"start":{"line":207,"column":4},"end":{"line":207,"column":17}},"loc":{"start":{"line":207,"column":22},"end":{"line":221,"column":5}}}},"branchMap":{"0":{"loc":{"start":{"line":62,"column":6},"end":{"line":65,"column":null}},"type":"if","locations":[{"start":{"line":62,"column":6},"end":{"line":65,"column":null}}]},"1":{"loc":{"start":{"line":89,"column":8},"end":{"line":101,"column":null}},"type":"if","locations":[{"start":{"line":89,"column":8},"end":{"line":101,"column":null}}]},"2":{"loc":{"start":{"line":95,"column":10},"end":{"line":97,"column":null}},"type":"if","locations":[{"start":{"line":95,"column":10},"end":{"line":97,"column":null}}]},"3":{"loc":{"start":{"line":98,"column":10},"end":{"line":100,"column":null}},"type":"if","locations":[{"start":{"line":98,"column":10},"end":{"line":100,"column":null}}]},"4":{"loc":{"start":{"line":103,"column":8},"end":{"line":105,"column":null}},"type":"if","locations":[{"start":{"line":103,"column":8},"end":{"line":105,"column":null}}]},"5":{"loc":{"start":{"line":115,"column":6},"end":{"line":117,"column":null}},"type":"if","locations":[{"start":{"line":115,"column":6},"end":{"line":117,"column":null}}]},"6":{"loc":{"start":{"line":121,"column":6},"end":{"line":136,"column":null}},"type":"if","locations":[{"start":{"line":121,"column":6},"end":{"line":136,"column":null}}]},"7":{"loc":{"start":{"line":127,"column":8},"end":{"line":129,"column":null}},"type":"if","locations":[{"start":{"line":127,"column":8},"end":{"line":129,"column":null}}]},"8":{"loc":{"start":{"line":127,"column":12},"end":{"line":127,"column":40}},"type":"binary-expr","locations":[{"start":{"line":127,"column":12},"end":{"line":127,"column":24}},{"start":{"line":127,"column":28},"end":{"line":127,"column":40}}]},"9":{"loc":{"start":{"line":131,"column":8},"end":{"line":133,"column":null}},"type":"if","locations":[{"start":{"line":131,"column":8},"end":{"line":133,"column":null}}]},"10":{"loc":{"start":{"line":135,"column":15},"end":{"line":135,"column":59}},"type":"cond-expr","locations":[{"start":{"line":135,"column":30},"end":{"line":135,"column":37}},{"start":{"line":135,"column":40},"end":{"line":135,"column":59}}]},"11":{"loc":{"start":{"line":143,"column":6},"end":{"line":145,"column":null}},"type":"if","locations":[{"start":{"line":143,"column":6},"end":{"line":145,"column":null}}]},"12":{"loc":{"start":{"line":149,"column":6},"end":{"line":151,"column":null}},"type":"if","locations":[{"start":{"line":149,"column":6},"end":{"line":151,"column":null}}]},"13":{"loc":{"start":{"line":155,"column":6},"end":{"line":157,"column":null}},"type":"if","locations":[{"start":{"line":155,"column":6},"end":{"line":157,"column":null}}]},"14":{"loc":{"start":{"line":156,"column":15},"end":{"line":156,"column":50}},"type":"cond-expr","locations":[{"start":{"line":156,"column":38},"end":{"line":156,"column":45}},{"start":{"line":156,"column":48},"end":{"line":156,"column":50}}]},"15":{"loc":{"start":{"line":161,"column":6},"end":{"line":163,"column":null}},"type":"if","locations":[{"start":{"line":161,"column":6},"end":{"line":163,"column":null}}]},"16":{"loc":{"start":{"line":161,"column":10},"end":{"line":161,"column":68}},"type":"binary-expr","locations":[{"start":{"line":161,"column":10},"end":{"line":161,"column":30}},{"start":{"line":161,"column":34},"end":{"line":161,"column":52}},{"start":{"line":161,"column":56},"end":{"line":161,"column":68}}]},"17":{"loc":{"start":{"line":165,"column":6},"end":{"line":167,"column":null}},"type":"if","locations":[{"start":{"line":165,"column":6},"end":{"line":167,"column":null}}]},"18":{"loc":{"start":{"line":169,"column":6},"end":{"line":171,"column":null}},"type":"if","locations":[{"start":{"line":169,"column":6},"end":{"line":171,"column":null}}]},"19":{"loc":{"start":{"line":173,"column":6},"end":{"line":175,"column":null}},"type":"if","locations":[{"start":{"line":173,"column":6},"end":{"line":175,"column":null}}]},"20":{"loc":{"start":{"line":173,"column":10},"end":{"line":173,"column":48}},"type":"binary-expr","locations":[{"start":{"line":173,"column":10},"end":{"line":173,"column":28}},{"start":{"line":173,"column":32},"end":{"line":173,"column":48}}]},"21":{"loc":{"start":{"line":183,"column":6},"end":{"line":185,"column":null}},"type":"if","locations":[{"start":{"line":183,"column":6},"end":{"line":185,"column":null}}]},"22":{"loc":{"start":{"line":183,"column":10},"end":{"line":183,"column":70}},"type":"binary-expr","locations":[{"start":{"line":183,"column":10},"end":{"line":183,"column":38}},{"start":{"line":183,"column":42},"end":{"line":183,"column":70}}]},"23":{"loc":{"start":{"line":187,"column":6},"end":{"line":189,"column":null}},"type":"if","locations":[{"start":{"line":187,"column":6},"end":{"line":189,"column":null}}]},"24":{"loc":{"start":{"line":188,"column":15},"end":{"line":188,"column":67}},"type":"cond-expr","locations":[{"start":{"line":188,"column":52},"end":{"line":188,"column":62}},{"start":{"line":188,"column":65},"end":{"line":188,"column":67}}]},"25":{"loc":{"start":{"line":191,"column":6},"end":{"line":193,"column":null}},"type":"if","locations":[{"start":{"line":191,"column":6},"end":{"line":193,"column":null}}]},"26":{"loc":{"start":{"line":196,"column":6},"end":{"line":198,"column":null}},"type":"if","locations":[{"start":{"line":196,"column":6},"end":{"line":198,"column":null}}]},"27":{"loc":{"start":{"line":200,"column":6},"end":{"line":202,"column":null}},"type":"if","locations":[{"start":{"line":200,"column":6},"end":{"line":202,"column":null}}]},"28":{"loc":{"start":{"line":208,"column":6},"end":{"line":220,"column":null}},"type":"if","locations":[{"start":{"line":208,"column":6},"end":{"line":220,"column":null}}]},"29":{"loc":{"start":{"line":209,"column":8},"end":{"line":211,"column":null}},"type":"if","locations":[{"start":{"line":209,"column":8},"end":{"line":211,"column":null}}]},"30":{"loc":{"start":{"line":210,"column":17},"end":{"line":210,"column":54}},"type":"binary-expr","locations":[{"start":{"line":210,"column":17},"end":{"line":210,"column":43}},{"start":{"line":210,"column":47},"end":{"line":210,"column":54}}]},"31":{"loc":{"start":{"line":212,"column":8},"end":{"line":214,"column":null}},"type":"if","locations":[{"start":{"line":212,"column":8},"end":{"line":214,"column":null}}]},"32":{"loc":{"start":{"line":213,"column":17},"end":{"line":213,"column":50}},"type":"binary-expr","locations":[{"start":{"line":213,"column":17},"end":{"line":213,"column":41}},{"start":{"line":213,"column":45},"end":{"line":213,"column":50}}]},"33":{"loc":{"start":{"line":215,"column":8},"end":{"line":219,"column":null}},"type":"if","locations":[{"start":{"line":215,"column":8},"end":{"line":219,"column":null}}]},"34":{"loc":{"start":{"line":217,"column":13},"end":{"line":217,"column":50}},"type":"binary-expr","locations":[{"start":{"line":217,"column":13},"end":{"line":217,"column":39}},{"start":{"line":217,"column":43},"end":{"line":217,"column":50}}]},"35":{"loc":{"start":{"line":217,"column":61},"end":{"line":217,"column":94}},"type":"binary-expr","locations":[{"start":{"line":217,"column":61},"end":{"line":217,"column":85}},{"start":{"line":217,"column":89},"end":{"line":217,"column":94}}]}},"s":{"0":3,"1":3,"2":3,"3":3,"4":2,"5":2,"6":2,"7":1,"8":1,"9":473,"10":473,"11":473,"12":473,"13":473,"14":473,"15":473,"16":14585,"17":14585,"18":14585,"19":14585,"20":14585,"21":205,"22":205,"23":205,"24":1,"25":205,"26":1,"27":14585,"28":155,"29":14585,"30":473,"31":1214,"32":1214,"33":1,"34":1213,"35":1327,"36":1833,"37":1213,"38":57,"39":57,"40":57,"41":57,"42":57,"43":1,"44":56,"45":2,"46":54,"47":1156,"48":5711,"49":5711,"50":31,"51":5680,"52":5680,"53":1,"54":5679,"55":5679,"56":187,"57":5492,"58":5492,"59":9,"60":5483,"61":166,"62":5317,"63":21,"64":5296,"65":158,"66":5138,"67":14585,"68":14585,"69":1475,"70":13110,"71":5929,"72":7181,"73":1209,"74":5972,"75":4828,"76":1144,"77":878,"78":266,"79":14588,"80":5410,"81":143,"82":5267,"83":14,"84":5253,"85":9},"f":{"0":2,"1":473,"2":1214,"3":1327,"4":1833,"5":5711,"6":14585,"7":14588},"b":{"0":[1],"1":[205],"2":[1],"3":[1],"4":[155],"5":[1],"6":[57],"7":[1],"8":[57,3],"9":[2],"10":[2,52],"11":[31],"12":[1],"13":[187],"14":[7,180],"15":[9],"16":[5492,175,147],"17":[166],"18":[21],"19":[158],"20":[5296,1196],"21":[1475],"22":[14585,14486],"23":[5929],"24":[162,5767],"25":[1209],"26":[4828],"27":[878],"28":[5410],"29":[143],"30":[143,0],"31":[14],"32":[14,0],"33":[9],"34":[9,0],"35":[9,0]}}
,"/home/runner/work/miniapp-smart-ui/miniapp-smart-ui/packages/calendar-month-list/index.ts": {"path":"/home/runner/work/miniapp-smart-ui/miniapp-smart-ui/packages/calendar-month-list/index.ts","statementMap":{"0":{"start":{"line":2,"column":0},"end":{"line":2,"column":52}},"1":{"start":{"line":3,"column":0},"end":{"line":3,"column":53}},"2":{"start":{"line":4,"column":0},"end":{"line":4,"column":33}},"3":{"start":{"line":6,"column":20},"end":{"line":6,"column":44}},"4":{"start":{"line":7,"column":21},"end":{"line":7,"column":63}},"5":{"start":{"line":8,"column":21},"end":{"line":8,"column":65}},"6":{"start":{"line":10,"column":0},"end":{"line":119,"column":3}},"7":{"start":{"line":42,"column":8},"end":{"line":44,"column":null}},"8":{"start":{"line":43,"column":10},"end":{"line":43,"column":36}},"9":{"start":{"line":58,"column":4},"end":{"line":58,"column":25}},"10":{"start":{"line":66,"column":57},"end":{"line":66,"column":66}},"11":{"start":{"line":68,"column":26},"end":{"line":68,"column":50}},"12":{"start":{"line":69,"column":22},"end":{"line":72,"column":null}},"13":{"start":{"line":74,"column":18},"end":{"line":74,"column":39}},"14":{"start":{"line":75,"column":27},"end":{"line":75,"column":81}},"15":{"start":{"line":77,"column":20},"end":{"line":77,"column":58}},"16":{"start":{"line":78,"column":18},"end":{"line":78,"column":61}},"17":{"start":{"line":80,"column":26},"end":{"line":80,"column":53}},"18":{"start":{"line":81,"column":26},"end":{"line":81,"column":53}},"19":{"start":{"line":83,"column":21},"end":{"line":83,"column":42}},"20":{"start":{"line":85,"column":24},"end":{"line":98,"column":8}},"21":{"start":{"line":86,"column":25},"end":{"line":86,"column":50}},"22":{"start":{"line":87,"column":21},"end":{"line":87,"column":45}},"23":{"start":{"line":88,"column":25},"end":{"line":88,"column":30}},"24":{"start":{"line":89,"column":8},"end":{"line":91,"column":null}},"25":{"start":{"line":90,"column":10},"end":{"line":90,"column":64}},"26":{"start":{"line":92,"column":8},"end":{"line":97,"column":10}},"27":{"start":{"line":100,"column":6},"end":{"line":103,"column":9}},"28":{"start":{"line":104,"column":6},"end":{"line":104,"column":56}},"29":{"start":{"line":107,"column":6},"end":{"line":107,"column":37}},"30":{"start":{"line":107,"column":30},"end":{"line":107,"column":37}},"31":{"start":{"line":108,"column":24},"end":{"line":108,"column":51}},"32":{"start":{"line":109,"column":19},"end":{"line":109,"column":42}},"33":{"start":{"line":110,"column":6},"end":{"line":116,"column":null}},"34":{"start":{"line":111,"column":8},"end":{"line":111,"column":40}},"35":{"start":{"line":112,"column":8},"end":{"line":114,"column":11}},"36":{"start":{"line":115,"column":8},"end":{"line":115,"column":46}}},"fnMap":{"0":{"name":"(anonymous_1)","decl":{"start":{"line":41,"column":6},"end":{"line":41,"column":14}},"loc":{"start":{"line":41,"column":29},"end":{"line":45,"column":7}}},"1":{"name":"(anonymous_2)","decl":{"start":{"line":57,"column":2},"end":{"line":57,"column":9}},"loc":{"start":{"line":57,"column":9},"end":{"line":59,"column":3}}},"2":{"name":"(anonymous_3)","decl":{"start":{"line":65,"column":4},"end":{"line":65,"column":16}},"loc":{"start":{"line":65,"column":37},"end":{"line":105,"column":5}}},"3":{"name":"(anonymous_4)","decl":{"start":{"line":85,"column":35},"end":{"line":85,"column":39}},"loc":{"start":{"line":85,"column":42},"end":{"line":98,"column":7}}},"4":{"name":"(anonymous_5)","decl":{"start":{"line":106,"column":4},"end":{"line":106,"column":11}},"loc":{"start":{"line":106,"column":17},"end":{"line":117,"column":5}}}},"branchMap":{"0":{"loc":{"start":{"line":42,"column":8},"end":{"line":44,"column":null}},"type":"if","locations":[{"start":{"line":42,"column":8},"end":{"line":44,"column":null}}]},"1":{"loc":{"start":{"line":66,"column":32},"end":{"line":66,"column":52}},"type":"default-arg","locations":[{"start":{"line":66,"column":50},"end":{"line":66,"column":52}}]},"2":{"loc":{"start":{"line":89,"column":8},"end":{"line":91,"column":null}},"type":"if","locations":[{"start":{"line":89,"column":8},"end":{"line":91,"column":null}}]},"3":{"loc":{"start":{"line":89,"column":12},"end":{"line":89,"column":30}},"type":"binary-expr","locations":[{"start":{"line":89,"column":12},"end":{"line":89,"column":19}},{"start":{"line":89,"column":23},"end":{"line":89,"column":30}}]},"4":{"loc":{"start":{"line":90,"column":23},"end":{"line":90,"column":63}},"type":"binary-expr","locations":[{"start":{"line":90,"column":23},"end":{"line":90,"column":41}},{"start":{"line":90,"column":45},"end":{"line":90,"column":63}}]},"5":{"loc":{"start":{"line":95,"column":16},"end":{"line":95,"column":57}},"type":"binary-expr","locations":[{"start":{"line":95,"column":16},"end":{"line":95,"column":41}},{"start":{"line":95,"column":45},"end":{"line":95,"column":57}}]},"6":{"loc":{"start":{"line":96,"column":16},"end":{"line":96,"column":44}},"type":"cond-expr","locations":[{"start":{"line":96,"column":29},"end":{"line":96,"column":39}},{"start":{"line":96,"column":42},"end":{"line":96,"column":44}}]},"7":{"loc":{"start":{"line":107,"column":6},"end":{"line":107,"column":37}},"type":"if","locations":[{"start":{"line":107,"column":6},"end":{"line":107,"column":37}}]},"8":{"loc":{"start":{"line":110,"column":6},"end":{"line":116,"column":null}},"type":"if","locations":[{"start":{"line":110,"column":6},"end":{"line":116,"column":null}}]}},"s":{"0":3,"1":3,"2":3,"3":3,"4":3,"5":3,"6":3,"7":3,"8":3,"9":13,"10":17,"11":17,"12":17,"13":17,"14":17,"15":17,"16":17,"17":17,"18":17,"19":17,"20":17,"21":204,"22":204,"23":204,"24":204,"25":204,"26":204,"27":17,"28":17,"29":3,"30":1,"31":2,"32":2,"33":2,"34":1,"35":1,"36":1},"f":{"0":3,"1":13,"2":17,"3":204,"4":3},"b":{"0":[3],"1":[0],"2":[204],"3":[204,204],"4":[204,197],"5":[204,0],"6":[12,192],"7":[1],"8":[1]}}
[...]
,"/home/runner/work/miniapp-smart-ui/miniapp-smart-ui/packages/tag/index.ts": {"path":"/home/runner/work/miniapp-smart-ui/miniapp-smart-ui/packages/tag/index.ts","statementMap":{"0":{"start":{"line":1,"column":0},"end":{"line":1,"column":55}},"1":{"start":{"line":2,"column":0},"end":{"line":2,"column":53}},"2":{"start":{"line":4,"column":0},"end":{"line":31,"column":3}},"3":{"start":{"line":28,"column":6},"end":{"line":28,"column":26}}},"fnMap":{"0":{"name":"(anonymous_1)","decl":{"start":{"line":27,"column":4},"end":{"line":27,"column":11}},"loc":{"start":{"line":27,"column":11},"end":{"line":29,"column":5}}}},"branchMap":{},"s":{"0":3,"1":3,"2":3,"3":1},"f":{"0":1},"b":{}}
,"/home/runner/work/miniapp-smart-ui/miniapp-smart-ui/packages/toast/icons.ts": {"path":"/home/runner/work/miniapp-smart-ui/miniapp-smart-ui/packages/toast/icons.ts","statementMap":{"0":{"start":{"line":1,"column":0},"end":{"line":1,"column":59}},"1":{"start":{"line":2,"column":0},"end":{"line":2,"column":75}},"2":{"start":{"line":3,"column":0},"end":{"line":3,"column":55}},"3":{"start":{"line":5,"column":13},"end":{"line":5,"column":39}},"4":{"start":{"line":6,"column":13},"end":{"line":6,"column":29}},"5":{"start":{"line":8,"column":13},"end":{"line":8,"column":27}}},"fnMap":{},"branchMap":{},"s":{"0":13,"1":13,"2":13,"3":13,"4":13,"5":13},"f":{},"b":{}}
,"/home/runner/work/miniapp-smart-ui/miniapp-smart-ui/packages/toast/index.ts": {"path":"/home/runner/work/miniapp-smart-ui/miniapp-smart-ui/packages/toast/index.ts","statementMap":{"0":{"start":{"line":1,"column":0},"end":{"line":1,"column":48}},"1":{"start":{"line":2,"column":0},"end":{"line":2,"column":53}},"2":{"start":{"line":3,"column":0},"end":{"line":3,"column":37}},"3":{"start":{"line":4,"column":0},"end":{"line":4,"column":49}},"4":{"start":{"line":5,"column":0},"end":{"line":5,"column":38}},"5":{"start":{"line":7,"column":0},"end":{"line":62,"column":3}},"6":{"start":{"line":45,"column":4},"end":{"line":45,"column":25}},"7":{"start":{"line":45,"column":18},"end":{"line":45,"column":25}},"8":{"start":{"line":46,"column":4},"end":{"line":49,"column":null}},"9":{"start":{"line":47,"column":6},"end":{"line":47,"column":61}},"10":{"start":{"line":48,"column":6},"end":{"line":48,"column":59}},"11":{"start":{"line":50,"column":4},"end":{"line":50,"column":55}},"12":{"start":{"line":51,"column":4},"end":{"line":51,"column":45}},"13":{"start":{"line":54,"column":4},"end":{"line":54,"column":25}},"14":{"start":{"line":54,"column":18},"end":{"line":54,"column":25}},"15":{"start":{"line":55,"column":4},"end":{"line":55,"column":43}},"16":{"start":{"line":56,"column":4},"end":{"line":56,"column":47}}},"fnMap":{"0":{"name":"(anonymous_1)","decl":{"start":{"line":44,"column":11},"end":{"line":44,"column":null}},"loc":{"start":{"line":44,"column":11},"end":{"line":52,"column":3}}},"1":{"name":"(anonymous_2)","decl":{"start":{"line":53,"column":13},"end":{"line":53,"column":null}},"loc":{"start":{"line":53,"column":13},"end":{"line":57,"column":3}}},"2":{"name":"(anonymous_3)","decl":{"start":{"line":60,"column":4},"end":{"line":60,"column":8}},"loc":{"start":{"line":60,"column":8},"end":{"line":60,"column":13}}}},"branchMap":{"0":{"loc":{"start":{"line":45,"column":4},"end":{"line":45,"column":25}},"type":"if","locations":[{"start":{"line":45,"column":4},"end":{"line":45,"column":25}}]},"1":{"loc":{"start":{"line":46,"column":4},"end":{"line":49,"column":null}},"type":"if","locations":[{"start":{"line":46,"column":4},"end":{"line":49,"column":null}}]},"2":{"loc":{"start":{"line":54,"column":4},"end":{"line":54,"column":25}},"type":"if","locations":[{"start":{"line":54,"column":4},"end":{"line":54,"column":25}}]}},"s":{"0":13,"1":13,"2":13,"3":13,"4":13,"5":13,"6":80,"7":66,"8":14,"9":2,"10":2,"11":14,"12":14,"13":2,"14":1,"15":1,"16":1},"f":{"0":80,"1":2,"2":1},"b":{"0":[66],"1":[2],"2":[1]}}
,"/home/runner/work/miniapp-smart-ui/miniapp-smart-ui/packages/toast/toast.ts": {"path":"/home/runner/work/miniapp-smart-ui/miniapp-smart-ui/packages/toast/toast.ts","statementMap":{"0":{"start":{"line":1,"column":0},"end":{"line":1,"column":38}},"1":{"start":{"line":2,"column":0},"end":{"line":2,"column":49}},"2":{"start":{"line":3,"column":0},"end":{"line":3,"column":44}},"3":{"start":{"line":4,"column":0},"end":{"line":4,"column":33}},"4":{"start":{"line":31,"column":23},"end":{"line":45,"column":2}},"5":{"start":{"line":47,"column":17},"end":{"line":49,"column":2}},"6":{"start":{"line":51,"column":18},"end":{"line":53,"column":2}},"7":{"start":{"line":55,"column":18},"end":{"line":55,"column":56}},"8":{"start":{"line":58,"column":2},"end":{"line":58,"column":48}},"9":{"start":{"line":61,"column":13},"end":{"line":63,"column":2}},"10":{"start":{"line":66,"column":18},"end":{"line":68,"column":null}},"11":{"start":{"line":70,"column":2},"end":{"line":70,"column":34}},"12":{"start":{"line":72,"column":4},"end":{"line":74,"column":20}},"13":{"start":{"line":75,"column":16},"end":{"line":75,"column":67}},"14":{"start":{"line":76,"column":2},"end":{"line":76,"column":53}},"15":{"start":{"line":77,"column":2},"end":{"line":77,"column":63}},"16":{"start":{"line":78,"column":2},"end":{"line":86,"column":null}},"17":{"start":{"line":79,"column":4},"end":{"line":81,"column":6}},"18":{"start":{"line":82,"column":4},"end":{"line":84,"column":6}},"19":{"start":{"line":85,"column":4},"end":{"line":85,"column":11}},"20":{"start":{"line":88,"column":2},"end":{"line":88,"column":25}},"21":{"start":{"line":89,"column":2},"end":{"line":89,"column":26}},"22":{"start":{"line":91,"column":2},"end":{"line":100,"column":4}},"23":{"start":{"line":92,"column":4},"end":{"line":92,"column":35}},"24":{"start":{"line":93,"column":4},"end":{"line":95,"column":null}},"25":{"start":{"line":94,"column":6},"end":{"line":94,"column":34}},"26":{"start":{"line":96,"column":4},"end":{"line":96,"column":56}},"27":{"start":{"line":97,"column":4},"end":{"line":99,"column":null}},"28":{"start":{"line":98,"column":6},"end":{"line":98,"column":24}},"29":{"start":{"line":102,"column":2},"end":{"line":102,"column":29}},"30":{"start":{"line":103,"column":2},"end":{"line":103,"column":25}},"31":{"start":{"line":104,"column":2},"end":{"line":106,"column":null}},"32":{"start":{"line":105,"column":4},"end":{"line":105,"column":31}},"33":{"start":{"line":107,"column":2},"end":{"line":109,"column":null}},"34":{"start":{"line":108,"column":4},"end":{"line":108,"column":32}},"35":{"start":{"line":110,"column":2},"end":{"line":110,"column":77}},"36":{"start":{"line":111,"column":2},"end":{"line":111,"column":28}},"37":{"start":{"line":113,"column":2},"end":{"line":119,"column":null}},"38":{"start":{"line":114,"column":4},"end":{"line":118,"column":25}},"39":{"start":{"line":115,"column":6},"end":{"line":115,"column":20}},"40":{"start":{"line":116,"column":6},"end":{"line":116,"column":69}},"41":{"start":{"line":116,"column":53},"end":{"line":116,"column":67}},"42":{"start":{"line":117,"column":6},"end":{"line":117,"column":55}},"43":{"start":{"line":121,"column":2},"end":{"line":121,"column":15}},"44":{"start":{"line":124,"column":21},"end":{"line":136,"column":1}},"45":{"start":{"line":124,"column":39},"end":{"line":136,"column":1}},"46":{"start":{"line":125,"column":2},"end":{"line":131,"column":null}},"47":{"start":{"line":126,"column":4},"end":{"line":126,"column":51}},"48":{"start":{"line":127,"column":9},"end":{"line":131,"column":null}},"49":{"start":{"line":128,"column":4},"end":{"line":128,"column":49}},"50":{"start":{"line":129,"column":9},"end":{"line":131,"column":null}},"51":{"start":{"line":130,"column":4},"end":{"line":130,"column":51}},"52":{"start":{"line":132,"column":2},"end":{"line":135,"column":5}},"53":{"start":{"line":138,"column":0},"end":{"line":138,"column":40}},"54":{"start":{"line":139,"column":0},"end":{"line":139,"column":40}},"55":{"start":{"line":140,"column":0},"end":{"line":140,"column":34}},"56":{"start":{"line":141,"column":0},"end":{"line":141,"column":34}},"57":{"start":{"line":143,"column":0},"end":{"line":148,"column":2}},"58":{"start":{"line":144,"column":2},"end":{"line":146,"column":5}},"59":{"start":{"line":145,"column":4},"end":{"line":145,"column":18}},"60":{"start":{"line":147,"column":2},"end":{"line":147,"column":22}},"61":{"start":{"line":150,"column":0},"end":{"line":152,"column":2}},"62":{"start":{"line":151,"column":2},"end":{"line":151,"column":41}},"63":{"start":{"line":154,"column":0},"end":{"line":157,"column":2}},"64":{"start":{"line":156,"column":2},"end":{"line":156,"column":41}},"65":{"start":{"line":159,"column":0},"end":{"line":159,"column":21}}},"fnMap":{"0":{"name":"parseOptions","decl":{"start":{"line":57,"column":9},"end":{"line":57,"column":21}},"loc":{"start":{"line":57,"column":29},"end":{"line":59,"column":1}}},"1":{"name":"Toast","decl":{"start":{"line":65,"column":9},"end":{"line":65,"column":14}},"loc":{"start":{"line":65,"column":56},"end":{"line":122,"column":1}}},"2":{"name":"(anonymous_3)","decl":{"start":{"line":91,"column":16},"end":{"line":91,"column":19}},"loc":{"start":{"line":91,"column":21},"end":{"line":100,"column":3}}},"3":{"name":"(anonymous_4)","decl":{"start":{"line":114,"column":29},"end":{"line":114,"column":32}},"loc":{"start":{"line":114,"column":34},"end":{"line":118,"column":5}}},"4":{"name":"(anonymous_5)","decl":{"start":{"line":116,"column":45},"end":{"line":116,"column":49}},"loc":{"start":{"line":116,"column":53},"end":{"line":116,"column":67}}},"5":{"name":"(anonymous_6)","decl":{"start":{"line":124,"column":21},"end":{"line":124,"column":22}},"loc":{"start":{"line":124,"column":39},"end":{"line":136,"column":1}}},"6":{"name":"(anonymous_7)","decl":{"start":{"line":124,"column":39},"end":{"line":124,"column":40}},"loc":{"start":{"line":124,"column":80},"end":{"line":136,"column":1}}},"7":{"name":"(anonymous_8)","decl":{"start":{"line":143,"column":14},"end":{"line":143,"column":17}},"loc":{"start":{"line":143,"column":19},"end":{"line":148,"column":1}}},"8":{"name":"(anonymous_9)","decl":{"start":{"line":144,"column":25},"end":{"line":144,"column":30}},"loc":{"start":{"line":144,"column":33},"end":{"line":146,"column":3}}},"9":{"name":"(anonymous_10)","decl":{"start":{"line":150,"column":26},"end":{"line":150,"column":27}},"loc":{"start":{"line":150,"column":52},"end":{"line":152,"column":1}}},"10":{"name":"(anonymous_11)","decl":{"start":{"line":154,"column":28},"end":{"line":154,"column":31}},"loc":{"start":{"line":154,"column":33},"end":{"line":157,"column":1}}}},"branchMap":{"0":{"loc":{"start":{"line":58,"column":9},"end":{"line":58,"column":47}},"type":"cond-expr","locations":[{"start":{"line":58,"column":26},"end":{"line":58,"column":33}},{"start":{"line":58,"column":36},"end":{"line":58,"column":47}}]},"1":{"loc":{"start":{"line":72,"column":4},"end":{"line":74,"column":20}},"type":"binary-expr","locations":[{"start":{"line":72,"column":5},"end":{"line":72,"column":80}},{"start":{"line":73,"column":4},"end":{"line":73,"column":48}},{"start":{"line":74,"column":4},"end":{"line":74,"column":20}}]},"2":{"loc":{"start":{"line":72,"column":5},"end":{"line":72,"column":80}},"type":"cond-expr","locations":[{"start":{"line":72,"column":45},"end":{"line":72,"column":62}},{"start":{"line":72,"column":65},"end":{"line":72,"column":80}}]},"3":{"loc":{"start":{"line":77,"column":33},"end":{"line":77,"column":59}},"type":"cond-expr","locations":[{"start":{"line":77,"column":41},"end":{"line":77,"column":50}},{"start":{"line":77,"column":53},"end":{"line":77,"column":59}}]},"4":{"loc":{"start":{"line":78,"column":2},"end":{"line":86,"column":null}},"type":"if","locations":[{"start":{"line":78,"column":2},"end":{"line":86,"column":null}}]},"5":{"loc":{"start":{"line":80,"column":13},"end":{"line":80,"column":47}},"type":"binary-expr","locations":[{"start":{"line":80,"column":13},"end":{"line":80,"column":29}},{"start":{"line":80,"column":33},"end":{"line":80,"column":47}}]},"6":{"loc":{"start":{"line":83,"column":13},"end":{"line":83,"column":47}},"type":"binary-expr","locations":[{"start":{"line":83,"column":13},"end":{"line":83,"column":29}},{"start":{"line":83,"column":33},"end":{"line":83,"column":47}}]},"7":{"loc":{"start":{"line":93,"column":4},"end":{"line":95,"column":null}},"type":"if","locations":[{"start":{"line":93,"column":4},"end":{"line":95,"column":null}}]},"8":{"loc":{"start":{"line":97,"column":4},"end":{"line":99,"column":null}},"type":"if","locations":[{"start":{"line":97,"column":4},"end":{"line":99,"column":null}}]},"9":{"loc":{"start":{"line":104,"column":2},"end":{"line":106,"column":null}},"type":"if","locations":[{"start":{"line":104,"column":2},"end":{"line":106,"column":null}}]},"10":{"loc":{"start":{"line":107,"column":2},"end":{"line":109,"column":null}},"type":"if","locations":[{"start":{"line":107,"column":2},"end":{"line":109,"column":null}}]},"11":{"loc":{"start":{"line":107,"column":6},"end":{"line":107,"column":73}},"type":"binary-expr","locations":[{"start":{"line":107,"column":6},"end":{"line":107,"column":46}},{"start":{"line":107,"column":50},"end":{"line":107,"column":73}}]},"12":{"loc":{"start":{"line":110,"column":45},"end":{"line":110,"column":76}},"type":"binary-expr","locations":[{"start":{"line":110,"column":45},"end":{"line":110,"column":67}},{"start":{"line":110,"column":71},"end":{"line":110,"column":76}}]},"13":{"loc":{"start":{"line":113,"column":2},"end":{"line":119,"column":null}},"type":"if","locations":[{"start":{"line":113,"column":2},"end":{"line":119,"column":null}}]},"14":{"loc":{"start":{"line":113,"column":6},"end":{"line":113,"column":54}},"type":"binary-expr","locations":[{"start":{"line":113,"column":6},"end":{"line":113,"column":30}},{"start":{"line":113,"column":34},"end":{"line":113,"column":54}}]},"15":{"loc":{"start":{"line":125,"column":2},"end":{"line":131,"column":null}},"type":"if","locations":[{"start":{"line":125,"column":2},"end":{"line":131,"column":null}},{"start":{"line":127,"column":9},"end":{"line":131,"column":null}}]},"16":{"loc":{"start":{"line":127,"column":9},"end":{"line":131,"column":null}},"type":"if","locations":[{"start":{"line":127,"column":9},"end":{"line":131,"column":null}},{"start":{"line":129,"column":9},"end":{"line":131,"column":null}}]},"17":{"loc":{"start":{"line":129,"column":9},"end":{"line":131,"column":null}},"type":"if","locations":[{"start":{"line":129,"column":9},"end":{"line":131,"column":null}}]}},"s":{"0":13,"1":13,"2":13,"3":13,"4":13,"5":13,"6":13,"7":13,"8":26,"9":13,"10":22,"11":22,"12":22,"13":22,"14":22,"15":22,"16":22,"17":1,"18":1,"19":1,"20":21,"21":21,"22":21,"23":14,"24":14,"25":3,"26":14,"27":14,"28":2,"29":21,"30":21,"31":21,"32":3,"33":21,"34":1,"35":21,"36":21,"37":21,"38":20,"39":5,"40":5,"41":24,"42":5,"43":21,"44":13,"45":52,"46":4,"47":1,"48":3,"49":1,"50":2,"51":1,"52":4,"53":13,"54":13,"55":13,"56":13,"57":13,"58":1,"59":8,"60":1,"61":13,"62":2,"63":13,"64":1,"65":13},"f":{"0":26,"1":22,"2":14,"3":5,"4":24,"5":52,"6":4,"7":1,"8":8,"9":2,"10":1},"b":{"0":[17,9],"1":[22,18,17],"2":[1,21],"3":[21,1],"4":[1],"5":[1,0],"6":[1,0],"7":[3],"8":[2],"9":[3],"10":[1],"11":[21,2],"12":[21,18],"13":[20],"14":[21,21],"15":[1,3],"16":[1,2],"17":[1]}}
,"/home/runner/work/miniapp-smart-ui/miniapp-smart-ui/packages/transition/index.ts": {"path":"/home/runner/work/miniapp-smart-ui/miniapp-smart-ui/packages/transition/index.ts","statementMap":{"0":{"start":{"line":1,"column":0},"end":{"line":1,"column":53}},"1":{"start":{"line":2,"column":0},"end":{"line":2,"column":50}},"2":{"start":{"line":4,"column":0},"end":{"line":15,"column":3}}},"fnMap":{},"branchMap":{},"s":{"0":35,"1":35,"2":35},"f":{},"b":{}}
,"/home/runner/work/miniapp-smart-ui/miniapp-smart-ui/packages/tree-select/index.ts": {"path":"/home/runner/work/miniapp-smart-ui/miniapp-smart-ui/packages/tree-select/index.ts","statementMap":{"0":{"start":{"line":1,"column":0},"end":{"line":1,"column":55}},"1":{"start":{"line":2,"column":0},"end":{"line":2,"column":53}},"2":{"start":{"line":4,"column":0},"end":{"line":77,"column":3}},"3":{"start":{"line":46,"column":23},"end":{"line":46,"column":50}},"4":{"start":{"line":47,"column":22},"end":{"line":47,"column":55}},"5":{"start":{"line":49,"column":24},"end":{"line":49,"column":77}},"6":{"start":{"line":51,"column":25},"end":{"line":53,"column":40}},"7":{"start":{"line":55,"column":6},"end":{"line":57,"column":null}},"8":{"start":{"line":56,"column":8},"end":{"line":56,"column":39}},"9":{"start":{"line":62,"column":20},"end":{"line":62,"column":53}},"10":{"start":{"line":63,"column":19},"end":{"line":63,"column":41}},"11":{"start":{"line":64,"column":6},"end":{"line":66,"column":null}},"12":{"start":{"line":65,"column":8},"end":{"line":65,"column":43}},"13":{"start":{"line":71,"column":41},"end":{"line":71,"column":50}},"14":{"start":{"line":72,"column":31},"end":{"line":72,"column":59}},"15":{"start":{"line":74,"column":6},"end":{"line":74,"column":42}}},"fnMap":{"0":{"name":"(anonymous_1)","decl":{"start":{"line":45,"column":4},"end":{"line":45,"column":16}},"loc":{"start":{"line":45,"column":52},"end":{"line":58,"column":5}}},"1":{"name":"(anonymous_2)","decl":{"start":{"line":61,"column":4},"end":{"line":61,"column":14}},"loc":{"start":{"line":61,"column":51},"end":{"line":67,"column":5}}},"2":{"name":"(anonymous_3)","decl":{"start":{"line":70,"column":4},"end":{"line":70,"column":18}},"loc":{"start":{"line":70,"column":18},"end":{"line":75,"column":5}}}},"branchMap":{"0":{"loc":{"start":{"line":49,"column":24},"end":{"line":49,"column":77}},"type":"binary-expr","locations":[{"start":{"line":49,"column":24},"end":{"line":49,"column":31}},{"start":{"line":49,"column":35},"end":{"line":49,"column":77}}]},"1":{"loc":{"start":{"line":51,"column":25},"end":{"line":53,"column":40}},"type":"cond-expr","locations":[{"start":{"line":52,"column":10},"end":{"line":52,"column":50}},{"start":{"line":53,"column":10},"end":{"line":53,"column":40}}]},"2":{"loc":{"start":{"line":55,"column":6},"end":{"line":57,"column":null}},"type":"if","locations":[{"start":{"line":55,"column":6},"end":{"line":57,"column":null}}]},"3":{"loc":{"start":{"line":55,"column":10},"end":{"line":55,"column":54}},"type":"binary-expr","locations":[{"start":{"line":55,"column":10},"end":{"line":55,"column":24}},{"start":{"line":55,"column":29},"end":{"line":55,"column":39}},{"start":{"line":55,"column":43},"end":{"line":55,"column":53}}]},"4":{"loc":{"start":{"line":64,"column":6},"end":{"line":66,"column":null}},"type":"if","locations":[{"start":{"line":64,"column":6},"end":{"line":66,"column":null}}]},"5":{"loc":{"start":{"line":72,"column":14},"end":{"line":72,"column":26}},"type":"default-arg","locations":[{"start":{"line":72,"column":24},"end":{"line":72,"column":26}}]},"6":{"loc":{"start":{"line":72,"column":31},"end":{"line":72,"column":59}},"type":"binary-expr","locations":[{"start":{"line":72,"column":31},"end":{"line":72,"column":53}},{"start":{"line":72,"column":57},"end":{"line":72,"column":59}}]}},"s":{"0":2,"1":2,"2":2,"3":4,"4":4,"5":4,"6":4,"7":4,"8":2,"9":2,"10":2,"11":2,"12":1,"13":14,"14":14,"15":14},"f":{"0":4,"1":2,"2":14},"b":{"0":[4,2],"1":[2,2],"2":[2],"3":[4,3,2],"4":[1],"5":[1],"6":[14,0]}}
}
